  [1m[36mSQL (11.5ms)[0m  [1m SELECT name
 FROM sqlite_master
 WHERE type = 'table' AND NOT name = 'sqlite_sequence'
[0m
  [1m[35mSQL (0.2ms)[0m  select sqlite_version(*)
  [1m[36mSQL (25.7ms)[0m  [1mCREATE TABLE "schema_migrations" ("version" varchar(255) NOT NULL) [0m
  [1m[35mSQL (0.1ms)[0m  PRAGMA index_list("schema_migrations")
  [1m[36mSQL (6.1ms)[0m  [1mCREATE UNIQUE INDEX "unique_schema_migrations" ON "schema_migrations" ("version")[0m
  [1m[35mSQL (0.1ms)[0m   SELECT name
 FROM sqlite_master
 WHERE type = 'table' AND NOT name = 'sqlite_sequence'
  [1m[36mSQL (0.2ms)[0m  [1m SELECT name
 FROM sqlite_master
 WHERE type = 'table' AND NOT name = 'sqlite_sequence'
[0m
  [1m[35mSQL (0.1ms)[0m  SELECT "schema_migrations"."version" FROM "schema_migrations"
Migrating to CreateUsers (20120419220609)
  [1m[36mSQL (0.4ms)[0m  [1mCREATE TABLE "users" ("id" INTEGER PRIMARY KEY AUTOINCREMENT NOT NULL, "name" varchar(255), "email" varchar(255), "created_at" datetime, "updated_at" datetime) [0m
  [1m[35mSQL (0.1ms)[0m  INSERT INTO "schema_migrations" ("version") VALUES ('20120419220609')
Migrating to AddEmailUniquenessIndex (20120419225203)
  [1m[36mSQL (0.0ms)[0m  [1mPRAGMA index_list("users")[0m
  [1m[35mSQL (35.9ms)[0m  CREATE UNIQUE INDEX "index_users_on_email" ON "users" ("email")
  [1m[36mSQL (0.1ms)[0m  [1mINSERT INTO "schema_migrations" ("version") VALUES ('20120419225203')[0m
Migrating to AddPasswordToUsers (20120419230951)
  [1m[35mSQL (0.5ms)[0m  ALTER TABLE "users" ADD "encrypted_password" varchar(255)
  [1m[36mSQL (0.1ms)[0m  [1mINSERT INTO "schema_migrations" ("version") VALUES ('20120419230951')[0m
Migrating to AddSaltToUsers (20120419231722)
  [1m[35mSQL (0.3ms)[0m  ALTER TABLE "users" ADD "salt" varchar(255)
  [1m[36mSQL (0.1ms)[0m  [1mINSERT INTO "schema_migrations" ("version") VALUES ('20120419231722')[0m
Migrating to AddAdminToUsers (20120429214155)
  [1m[35mSQL (0.4ms)[0m  ALTER TABLE "users" ADD "admin" boolean DEFAULT 'f'
  [1m[36mSQL (0.2ms)[0m  [1mINSERT INTO "schema_migrations" ("version") VALUES ('20120429214155')[0m
Migrating to CreateMicroposts (20120430233416)
  [1m[35mSQL (0.3ms)[0m  CREATE TABLE "microposts" ("id" INTEGER PRIMARY KEY AUTOINCREMENT NOT NULL, "content" varchar(255), "user_id" integer, "created_at" datetime, "updated_at" datetime) 
  [1m[36mSQL (0.2ms)[0m  [1mPRAGMA index_list("microposts")[0m
  [1m[35mSQL (0.1ms)[0m  CREATE INDEX "index_microposts_on_user_id_and_created_at" ON "microposts" ("user_id", "created_at")
  [1m[36mSQL (0.1ms)[0m  [1mINSERT INTO "schema_migrations" ("version") VALUES ('20120430233416')[0m
Migrating to CreateRelationships (20120501152938)
  [1m[35mSQL (0.3ms)[0m  CREATE TABLE "relationships" ("id" INTEGER PRIMARY KEY AUTOINCREMENT NOT NULL, "follower_id" integer, "followed_id" integer, "created_at" datetime, "updated_at" datetime) 
  [1m[36mSQL (0.0ms)[0m  [1mPRAGMA index_list("relationships")[0m
  [1m[35mSQL (0.1ms)[0m  CREATE INDEX "index_relationships_on_follower_id" ON "relationships" ("follower_id")
  [1m[36mSQL (0.0ms)[0m  [1mPRAGMA index_list("relationships")[0m
  [1m[35mSQL (0.0ms)[0m  PRAGMA index_info('index_relationships_on_follower_id')
  [1m[36mSQL (0.1ms)[0m  [1mCREATE INDEX "index_relationships_on_followed_id" ON "relationships" ("followed_id")[0m
  [1m[35mSQL (0.1ms)[0m  PRAGMA index_list("relationships")
  [1m[36mSQL (0.1ms)[0m  [1mPRAGMA index_info('index_relationships_on_followed_id')[0m
  [1m[35mSQL (0.1ms)[0m  PRAGMA index_info('index_relationships_on_follower_id')
  [1m[36mSQL (0.2ms)[0m  [1mCREATE UNIQUE INDEX "index_relationships_on_follower_id_and_followed_id" ON "relationships" ("follower_id", "followed_id")[0m
  [1m[35mSQL (0.1ms)[0m  INSERT INTO "schema_migrations" ("version") VALUES ('20120501152938')
Migrating to AddColorToUsers (20120523112449)
  [1m[36mSQL (0.4ms)[0m  [1mALTER TABLE "users" ADD "color" varchar(255)[0m
  [1m[35mSQL (0.2ms)[0m  INSERT INTO "schema_migrations" ("version") VALUES ('20120523112449')
Migrating to SetNotification (20120524161005)
  [1m[36mSQL (0.3ms)[0m  [1mALTER TABLE "users" ADD "notification" varchar(255) DEFAULT '1'[0m
  [1m[35mSQL (0.4ms)[0m  INSERT INTO "schema_migrations" ("version") VALUES ('20120524161005')
  [1m[36mSQL (0.4ms)[0m  [1m SELECT name
 FROM sqlite_master
 WHERE type = 'table' AND NOT name = 'sqlite_sequence'
[0m
  [1m[35mSQL (0.2ms)[0m  SELECT "schema_migrations"."version" FROM "schema_migrations"
  [1m[36mSQL (0.1ms)[0m  [1m SELECT name
 FROM sqlite_master
 WHERE type = 'table' AND NOT name = 'sqlite_sequence'
[0m
  [1m[35mSQL (0.1ms)[0m  PRAGMA index_list("microposts")
  [1m[36mSQL (0.1ms)[0m  [1mPRAGMA index_info('index_microposts_on_user_id_and_created_at')[0m
  [1m[35mSQL (0.1ms)[0m  PRAGMA index_list("relationships")
  [1m[36mSQL (0.1ms)[0m  [1mPRAGMA index_info('index_relationships_on_follower_id_and_followed_id')[0m
  [1m[35mSQL (0.1ms)[0m  PRAGMA index_info('index_relationships_on_followed_id')
  [1m[36mSQL (0.0ms)[0m  [1mPRAGMA index_info('index_relationships_on_follower_id')[0m
  [1m[35mSQL (0.1ms)[0m  PRAGMA index_list("users")
  [1m[36mSQL (0.0ms)[0m  [1mPRAGMA index_info('index_users_on_email')[0m


Started GET "/" for 127.0.0.1 at 2012-06-12 13:35:55 +0100
  Processing by PagesController#home as HTML
  [1m[36mSQL (0.3ms)[0m  [1m SELECT name
 FROM sqlite_master
 WHERE type = 'table' AND NOT name = 'sqlite_sequence'
[0m
  [1m[35mUser Load (0.2ms)[0m  SELECT "users".* FROM "users" WHERE ("users"."id" = 10) LIMIT 1
  [1m[36mCACHE (0.0ms)[0m  [1mSELECT "users".* FROM "users" WHERE ("users"."id" = 10) LIMIT 1[0m
  [1m[35mCACHE (0.0ms)[0m  SELECT "users".* FROM "users" WHERE ("users"."id" = 10) LIMIT 1
Rendered layouts/_stylesheets.html.erb (2.4ms)
  [1m[36mCACHE (0.0ms)[0m  [1mSELECT "users".* FROM "users" WHERE ("users"."id" = 10) LIMIT 1[0m
Rendered layouts/_header.html.erb (2.0ms)
Rendered layouts/_footer.html.erb (0.0ms)
Rendered pages/home.html.erb within layouts/application (10.9ms)
Completed 200 OK in 180ms (Views: 14.4ms | ActiveRecord: 0.5ms)


Started GET "/signin" for 127.0.0.1 at 2012-06-12 13:35:57 +0100
  Processing by SessionsController#new as HTML
  [1m[35mUser Load (0.3ms)[0m  SELECT "users".* FROM "users" WHERE ("users"."id" = 10) LIMIT 1
Rendered layouts/_stylesheets.html.erb (72.2ms)
  [1m[36mCACHE (0.0ms)[0m  [1mSELECT "users".* FROM "users" WHERE ("users"."id" = 10) LIMIT 1[0m
Rendered layouts/_header.html.erb (2.2ms)
Rendered layouts/_footer.html.erb (0.7ms)
Rendered sessions/new.html.erb within layouts/application (127.9ms)
Completed 200 OK in 133ms (Views: 131.7ms | ActiveRecord: 0.3ms)


Started POST "/sessions" for 127.0.0.1 at 2012-06-12 13:36:01 +0100
  Processing by SessionsController#create as HTML
  Parameters: {"utf8"=>"✓", "authenticity_token"=>"Vd57yp6W5t6tkDsajLBotfSR/k18gfJ/uogSzdnTQrE=", "session"=>{"email"=>"sergiojgl@gmail.com", "password"=>"[FILTERED]"}, "commit"=>"Entrar"}
  [1m[35mUser Load (0.2ms)[0m  SELECT "users".* FROM "users" WHERE ("users"."email" = 'sergiojgl@gmail.com') LIMIT 1
  [1m[36mUser Load (0.2ms)[0m  [1mSELECT "users".* FROM "users" WHERE ("users"."id" = 10) LIMIT 1[0m
Rendered layouts/_stylesheets.html.erb (41.1ms)
  [1m[35mCACHE (0.0ms)[0m  SELECT "users".* FROM "users" WHERE ("users"."id" = 10) LIMIT 1
Rendered layouts/_header.html.erb (3.0ms)
Rendered layouts/_footer.html.erb (0.3ms)
Rendered sessions/new.html.erb within layouts/application (52.2ms)
Completed 200 OK in 96ms (Views: 57.7ms | ActiveRecord: 0.4ms)


Started GET "/signup" for 127.0.0.1 at 2012-06-12 13:36:04 +0100
  Processing by UsersController#new as HTML
Rendered shared/_error_messages.html.erb (0.9ms)
Rendered shared/_paleta.html.erb (0.2ms)
Rendered shared/_paleta.html.erb (0.4ms)
Rendered shared/_paleta.html.erb (0.6ms)
Rendered shared/_paleta.html.erb (0.3ms)
  [1m[36mUser Load (0.2ms)[0m  [1mSELECT "users".* FROM "users" WHERE ("users"."id" = 10) LIMIT 1[0m
Rendered layouts/_stylesheets.html.erb (42.2ms)
  [1m[35mCACHE (0.0ms)[0m  SELECT "users".* FROM "users" WHERE ("users"."id" = 10) LIMIT 1
Rendered layouts/_header.html.erb (2.3ms)
Rendered layouts/_footer.html.erb (0.3ms)
Rendered users/new.html.erb within layouts/application (72.1ms)
Completed 200 OK in 108ms (Views: 78.6ms | ActiveRecord: 0.2ms)


Started POST "/users" for 127.0.0.1 at 2012-06-12 13:36:16 +0100
  Processing by UsersController#create as HTML
  Parameters: {"utf8"=>"✓", "authenticity_token"=>"Vd57yp6W5t6tkDsajLBotfSR/k18gfJ/uogSzdnTQrE=", "user"=>{"name"=>"Sergio", "email"=>"sergiojgl@gmail.com", "password"=>"[FILTERED]", "password_confirmation"=>"[FILTERED]", "color"=>"red", "notification"=>"0"}, "commit"=>"Registrarse"}
  [1m[36mUser Load (0.2ms)[0m  [1mSELECT "users"."id" FROM "users" WHERE (LOWER("users"."email") = LOWER('sergiojgl@gmail.com')) LIMIT 1[0m
  [1m[35mSQL (0.1ms)[0m  INSERT INTO "users" ("admin", "color", "created_at", "email", "encrypted_password", "name", "notification", "salt", "updated_at") VALUES ('f', 'red', '2012-06-12 12:36:16.427597', 'sergiojgl@gmail.com', 'cfd2c7f61c5d68126f0a3a1263ec45f291a93f5a4d83807668bd896d378adbf8', 'Sergio', '0', 'ad8765e4431deda14888cc83bd6230d3b8ff32e4e231c2c8227a13c33f2b306d', '2012-06-12 12:36:16.427597')
Redirected to http://localhost:3000/users/1
Completed 302 Found in 227ms


Started GET "/users/1" for 127.0.0.1 at 2012-06-12 13:36:16 +0100
  Processing by UsersController#show as HTML
  Parameters: {"id"=>"1"}
  [1m[36mUser Load (0.2ms)[0m  [1mSELECT "users".* FROM "users" WHERE ("users"."id" = 1) LIMIT 1[0m
  [1m[35mMicropost Load (0.2ms)[0m  SELECT "microposts".* FROM "microposts" WHERE ("microposts".user_id = 1) ORDER BY microposts.created_at DESC LIMIT 10 OFFSET 0
  [1m[36mCACHE (0.0ms)[0m  [1mSELECT "users".* FROM "users" WHERE ("users"."id" = 1) LIMIT 1[0m
Rendered users/_follow_form.html.erb (0.6ms)
  [1m[35mSQL (0.2ms)[0m  SELECT COUNT(*) AS count_id FROM (SELECT 1 FROM "microposts" WHERE ("microposts".user_id = 1)) AS subquery
  [1m[36mCACHE (0.0ms)[0m  [1mSELECT COUNT(*) AS count_id FROM (SELECT 1 FROM "microposts" WHERE ("microposts".user_id = 1)) AS subquery[0m
Rendered shared/_user_info.html.erb (7.4ms)
  [1m[35mSQL (0.4ms)[0m  SELECT COUNT(*) AS count_id FROM "users" INNER JOIN "relationships" ON "users".id = "relationships".followed_id WHERE (("relationships".follower_id = 1))
  [1m[36mSQL (0.1ms)[0m  [1mSELECT COUNT(*) AS count_id FROM "users" INNER JOIN "relationships" ON "users".id = "relationships".follower_id WHERE (("relationships".followed_id = 1))[0m
Rendered shared/_stats.html.erb (65.6ms)
Rendered layouts/_stylesheets.html.erb (1.1ms)
Rendered layouts/_header.html.erb (3.0ms)
Rendered layouts/_footer.html.erb (0.4ms)
Rendered users/show.html.erb within layouts/application (91.1ms)
Completed 200 OK in 207ms (Views: 94.2ms | ActiveRecord: 1.2ms)


Started GET "/users/1/edit" for 127.0.0.1 at 2012-06-12 13:36:19 +0100
  Processing by UsersController#edit as HTML
  Parameters: {"id"=>"1"}
  [1m[35mUser Load (0.3ms)[0m  SELECT "users".* FROM "users" WHERE ("users"."id" = 1) LIMIT 1
  [1m[36mCACHE (0.0ms)[0m  [1mSELECT "users".* FROM "users" WHERE ("users"."id" = 1) LIMIT 1[0m
  [1m[35mCACHE (0.0ms)[0m  SELECT "users".* FROM "users" WHERE ("users"."id" = 1) LIMIT 1
Rendered shared/_error_messages.html.erb (0.2ms)
Rendered shared/_paleta.html.erb (0.2ms)
Rendered shared/_paleta.html.erb (0.4ms)
Rendered shared/_paleta.html.erb (0.4ms)
Rendered shared/_paleta.html.erb (0.3ms)
Rendered layouts/_stylesheets.html.erb (1.1ms)
Rendered layouts/_header.html.erb (2.4ms)
Rendered layouts/_footer.html.erb (0.4ms)
Rendered users/edit.html.erb within layouts/application (18.5ms)
Completed 200 OK in 100ms (Views: 22.7ms | ActiveRecord: 0.6ms)


Started POST "/users/1" for 127.0.0.1 at 2012-06-12 13:36:25 +0100
  Processing by UsersController#update as HTML
  Parameters: {"utf8"=>"✓", "authenticity_token"=>"Vd57yp6W5t6tkDsajLBotfSR/k18gfJ/uogSzdnTQrE=", "user"=>{"name"=>"Sergio", "email"=>"sergiojgl@gmail.com", "password"=>"[FILTERED]", "password_confirmation"=>"[FILTERED]", "color"=>"red", "notification"=>"0"}, "commit"=>"Actualizar", "id"=>"1"}
  [1m[36mUser Load (2.4ms)[0m  [1mSELECT "users".* FROM "users" WHERE ("users"."id" = 1) LIMIT 1[0m
  [1m[35mCACHE (0.0ms)[0m  SELECT "users".* FROM "users" WHERE ("users"."id" = 1) LIMIT 1
  [1m[36mCACHE (0.0ms)[0m  [1mSELECT "users".* FROM "users" WHERE ("users"."id" = 1) LIMIT 1[0m
  [1m[35mUser Load (0.1ms)[0m  SELECT "users"."id" FROM "users" WHERE (LOWER("users"."email") = LOWER('sergiojgl@gmail.com')) AND ("users".id <> 1) LIMIT 1
Redirected to http://localhost:3000/users/1
Completed 302 Found in 113ms


Started GET "/users/1" for 127.0.0.1 at 2012-06-12 13:36:25 +0100
  Processing by UsersController#show as HTML
  Parameters: {"id"=>"1"}
  [1m[36mUser Load (0.2ms)[0m  [1mSELECT "users".* FROM "users" WHERE ("users"."id" = 1) LIMIT 1[0m
  [1m[35mMicropost Load (0.3ms)[0m  SELECT "microposts".* FROM "microposts" WHERE ("microposts".user_id = 1) ORDER BY microposts.created_at DESC LIMIT 10 OFFSET 0
  [1m[36mCACHE (0.0ms)[0m  [1mSELECT "users".* FROM "users" WHERE ("users"."id" = 1) LIMIT 1[0m
Rendered users/_follow_form.html.erb (0.3ms)
  [1m[35mSQL (0.2ms)[0m  SELECT COUNT(*) AS count_id FROM (SELECT 1 FROM "microposts" WHERE ("microposts".user_id = 1)) AS subquery
  [1m[36mCACHE (0.0ms)[0m  [1mSELECT COUNT(*) AS count_id FROM (SELECT 1 FROM "microposts" WHERE ("microposts".user_id = 1)) AS subquery[0m
Rendered shared/_user_info.html.erb (2.4ms)
  [1m[35mSQL (0.3ms)[0m  SELECT COUNT(*) AS count_id FROM "users" INNER JOIN "relationships" ON "users".id = "relationships".followed_id WHERE (("relationships".follower_id = 1))
  [1m[36mSQL (0.1ms)[0m  [1mSELECT COUNT(*) AS count_id FROM "users" INNER JOIN "relationships" ON "users".id = "relationships".follower_id WHERE (("relationships".followed_id = 1))[0m
Rendered shared/_stats.html.erb (28.6ms)
Rendered layouts/_stylesheets.html.erb (1.1ms)
Rendered layouts/_header.html.erb (3.4ms)
Rendered layouts/_footer.html.erb (0.3ms)
Rendered users/show.html.erb within layouts/application (49.4ms)
Completed 200 OK in 160ms (Views: 52.2ms | ActiveRecord: 1.3ms)


Started GET "/" for 127.0.0.1 at 2012-06-12 13:36:43 +0100
  Processing by PagesController#home as HTML
  [1m[35mUser Load (0.3ms)[0m  SELECT "users".* FROM "users" WHERE ("users"."id" = 1) LIMIT 1
  [1m[36mMicropost Load (0.2ms)[0m  [1mSELECT "microposts".* FROM "microposts" WHERE (user_id IN (SELECT followed_id FROM relationships
 WHERE follower_id = 1) OR user_id = 1) ORDER BY microposts.created_at DESC LIMIT 10 OFFSET 0[0m
Rendered shared/_error_messages.html.erb (0.5ms)
Rendered shared/_micropost_form.html.erb (7.3ms)
Rendered shared/_feed.html.erb (0.5ms)
  [1m[35mSQL (0.3ms)[0m  SELECT COUNT(*) AS count_id FROM (SELECT 1 FROM "microposts" WHERE ("microposts".user_id = 1)) AS subquery
Rendered shared/_user_info.html.erb (7.7ms)
  [1m[36mSQL (0.3ms)[0m  [1mSELECT COUNT(*) AS count_id FROM "users" INNER JOIN "relationships" ON "users".id = "relationships".followed_id WHERE (("relationships".follower_id = 1))[0m
  [1m[35mSQL (0.1ms)[0m  SELECT COUNT(*) AS count_id FROM "users" INNER JOIN "relationships" ON "users".id = "relationships".follower_id WHERE (("relationships".followed_id = 1))
Rendered shared/_stats.html.erb (27.1ms)
Rendered layouts/_stylesheets.html.erb (1.5ms)
Rendered layouts/_header.html.erb (2.7ms)
Rendered layouts/_footer.html.erb (0.4ms)
Rendered pages/home.html.erb within layouts/application (56.3ms)
Completed 200 OK in 174ms (Views: 59.4ms | ActiveRecord: 3.8ms)


Started GET "/users/1/edit" for 127.0.0.1 at 2012-06-12 13:37:08 +0100
  Processing by UsersController#edit as HTML
  Parameters: {"id"=>"1"}
  [1m[36mUser Load (0.3ms)[0m  [1mSELECT "users".* FROM "users" WHERE ("users"."id" = 1) LIMIT 1[0m
  [1m[35mCACHE (0.0ms)[0m  SELECT "users".* FROM "users" WHERE ("users"."id" = 1) LIMIT 1
  [1m[36mCACHE (0.0ms)[0m  [1mSELECT "users".* FROM "users" WHERE ("users"."id" = 1) LIMIT 1[0m
Rendered shared/_error_messages.html.erb (0.7ms)
Rendered shared/_paleta.html.erb (0.4ms)
Rendered shared/_paleta.html.erb (0.3ms)
Rendered shared/_paleta.html.erb (0.3ms)
Rendered shared/_paleta.html.erb (0.4ms)
Rendered layouts/_stylesheets.html.erb (45.4ms)
Rendered layouts/_header.html.erb (2.6ms)
Rendered layouts/_footer.html.erb (0.2ms)
Rendered users/edit.html.erb within layouts/application (74.3ms)
Completed 200 OK in 128ms (Views: 77.7ms | ActiveRecord: 0.3ms)


Started POST "/users/1" for 127.0.0.1 at 2012-06-12 13:37:19 +0100
  Processing by UsersController#update as HTML
  Parameters: {"utf8"=>"✓", "authenticity_token"=>"Vd57yp6W5t6tkDsajLBotfSR/k18gfJ/uogSzdnTQrE=", "user"=>{"name"=>"Sergio", "email"=>"sergiojgl@gmail.com", "password"=>"[FILTERED]", "password_confirmation"=>"[FILTERED]", "color"=>"red", "notification"=>"0"}, "commit"=>"Actualizar", "id"=>"1"}
  [1m[35mUser Load (0.2ms)[0m  SELECT "users".* FROM "users" WHERE ("users"."id" = 1) LIMIT 1
  [1m[36mCACHE (0.0ms)[0m  [1mSELECT "users".* FROM "users" WHERE ("users"."id" = 1) LIMIT 1[0m
  [1m[35mCACHE (0.0ms)[0m  SELECT "users".* FROM "users" WHERE ("users"."id" = 1) LIMIT 1
  [1m[36mUser Load (0.2ms)[0m  [1mSELECT "users"."id" FROM "users" WHERE (LOWER("users"."email") = LOWER('sergiojgl@gmail.com')) AND ("users".id <> 1) LIMIT 1[0m
  [1m[35mSQL (0.3ms)[0m  UPDATE "users" SET "encrypted_password" = '043eac9f717d1f3a9c2efd69763cd8dc1131ce50be6dbb546bb82a8f14723aa0', "salt" = 'd3975562c35eb766852bd5ee4a110c3887add1f982e4d036a6d1c82ebb076a2f', "updated_at" = '2012-06-12 12:37:19.439013' WHERE ("users"."id" = 1)
Redirected to http://localhost:3000/users/1
Completed 302 Found in 191ms


Started GET "/users/1" for 127.0.0.1 at 2012-06-12 13:37:19 +0100
  Processing by UsersController#show as HTML
  Parameters: {"id"=>"1"}
  [1m[36mUser Load (0.3ms)[0m  [1mSELECT "users".* FROM "users" WHERE ("users"."id" = 1) LIMIT 1[0m
  [1m[35mMicropost Load (0.3ms)[0m  SELECT "microposts".* FROM "microposts" WHERE ("microposts".user_id = 1) ORDER BY microposts.created_at DESC LIMIT 10 OFFSET 0
  [1m[36mCACHE (0.0ms)[0m  [1mSELECT "users".* FROM "users" WHERE ("users"."id" = 1) LIMIT 1[0m
  [1m[35mSQL (0.5ms)[0m  SELECT COUNT(*) AS count_id FROM (SELECT 1 FROM "microposts" WHERE ("microposts".user_id = 1)) AS subquery
  [1m[36mCACHE (0.0ms)[0m  [1mSELECT COUNT(*) AS count_id FROM (SELECT 1 FROM "microposts" WHERE ("microposts".user_id = 1)) AS subquery[0m
Rendered shared/_user_info.html.erb (3.0ms)
  [1m[35mSQL (0.3ms)[0m  SELECT COUNT(*) AS count_id FROM "users" INNER JOIN "relationships" ON "users".id = "relationships".followed_id WHERE (("relationships".follower_id = 1))
  [1m[36mSQL (0.1ms)[0m  [1mSELECT COUNT(*) AS count_id FROM "users" INNER JOIN "relationships" ON "users".id = "relationships".follower_id WHERE (("relationships".followed_id = 1))[0m
Rendered shared/_stats.html.erb (32.1ms)
  [1m[35mCACHE (0.0ms)[0m  SELECT "users".* FROM "users" WHERE ("users"."id" = 1) LIMIT 1
Rendered layouts/_stylesheets.html.erb (1.9ms)
  [1m[36mCACHE (0.0ms)[0m  [1mSELECT "users".* FROM "users" WHERE ("users"."id" = 1) LIMIT 1[0m
Rendered layouts/_header.html.erb (2.3ms)
Rendered layouts/_footer.html.erb (0.4ms)
Rendered users/show.html.erb within layouts/application (88.4ms)
Completed 200 OK in 147ms (Views: 91.4ms | ActiveRecord: 1.5ms)


Started GET "/signin" for 127.0.0.1 at 2012-06-12 13:37:26 +0100
  Processing by SessionsController#new as HTML
  [1m[35mUser Load (0.2ms)[0m  SELECT "users".* FROM "users" WHERE ("users"."id" = 1) LIMIT 1
Rendered layouts/_stylesheets.html.erb (83.6ms)
  [1m[36mCACHE (0.0ms)[0m  [1mSELECT "users".* FROM "users" WHERE ("users"."id" = 1) LIMIT 1[0m
Rendered layouts/_header.html.erb (2.8ms)
Rendered layouts/_footer.html.erb (0.3ms)
Rendered sessions/new.html.erb within layouts/application (93.9ms)
Completed 200 OK in 98ms (Views: 96.9ms | ActiveRecord: 0.9ms)


Started POST "/sessions" for 127.0.0.1 at 2012-06-12 13:37:29 +0100
  Processing by SessionsController#create as HTML
  Parameters: {"utf8"=>"✓", "authenticity_token"=>"Vd57yp6W5t6tkDsajLBotfSR/k18gfJ/uogSzdnTQrE=", "session"=>{"email"=>"sergiojgl@gmail.com", "password"=>"[FILTERED]"}, "commit"=>"Entrar"}
  [1m[35mUser Load (0.3ms)[0m  SELECT "users".* FROM "users" WHERE ("users"."email" = 'sergiojgl@gmail.com') LIMIT 1
  [1m[36mUser Load (0.2ms)[0m  [1mSELECT "users".* FROM "users" WHERE ("users"."id" = 1) LIMIT 1[0m
Rendered layouts/_stylesheets.html.erb (3.3ms)
  [1m[35mCACHE (0.0ms)[0m  SELECT "users".* FROM "users" WHERE ("users"."id" = 1) LIMIT 1
Rendered layouts/_header.html.erb (2.2ms)
Rendered layouts/_footer.html.erb (0.4ms)
Rendered sessions/new.html.erb within layouts/application (12.0ms)
Completed 200 OK in 96ms (Views: 15.7ms | ActiveRecord: 0.5ms)


Started POST "/sessions" for 127.0.0.1 at 2012-06-12 13:37:37 +0100
  Processing by SessionsController#create as HTML
  Parameters: {"utf8"=>"✓", "authenticity_token"=>"Vd57yp6W5t6tkDsajLBotfSR/k18gfJ/uogSzdnTQrE=", "session"=>{"email"=>"sergiojgl@gmail.com", "password"=>"[FILTERED]"}, "commit"=>"Entrar"}
  [1m[36mUser Load (6.3ms)[0m  [1mSELECT "users".* FROM "users" WHERE ("users"."email" = 'sergiojgl@gmail.com') LIMIT 1[0m
Redirected to http://localhost:3000/users/1
Completed 302 Found in 87ms


Started GET "/users/1" for 127.0.0.1 at 2012-06-12 13:37:38 +0100
  Processing by UsersController#show as HTML
  Parameters: {"id"=>"1"}
  [1m[35mUser Load (2.2ms)[0m  SELECT "users".* FROM "users" WHERE ("users"."id" = 1) LIMIT 1
  [1m[36mMicropost Load (0.3ms)[0m  [1mSELECT "microposts".* FROM "microposts" WHERE ("microposts".user_id = 1) ORDER BY microposts.created_at DESC LIMIT 10 OFFSET 0[0m
  [1m[35mCACHE (0.0ms)[0m  SELECT "users".* FROM "users" WHERE ("users"."id" = 1) LIMIT 1
Rendered users/_follow_form.html.erb (0.6ms)
  [1m[36mSQL (0.2ms)[0m  [1mSELECT COUNT(*) AS count_id FROM (SELECT 1 FROM "microposts" WHERE ("microposts".user_id = 1)) AS subquery[0m
  [1m[35mCACHE (0.0ms)[0m  SELECT COUNT(*) AS count_id FROM (SELECT 1 FROM "microposts" WHERE ("microposts".user_id = 1)) AS subquery
Rendered shared/_user_info.html.erb (2.6ms)
  [1m[36mSQL (0.2ms)[0m  [1mSELECT COUNT(*) AS count_id FROM "users" INNER JOIN "relationships" ON "users".id = "relationships".followed_id WHERE (("relationships".follower_id = 1))[0m
  [1m[35mSQL (0.1ms)[0m  SELECT COUNT(*) AS count_id FROM "users" INNER JOIN "relationships" ON "users".id = "relationships".follower_id WHERE (("relationships".followed_id = 1))
Rendered shared/_stats.html.erb (27.8ms)
Rendered layouts/_stylesheets.html.erb (1.2ms)
Rendered layouts/_header.html.erb (2.7ms)
Rendered layouts/_footer.html.erb (0.1ms)
Rendered users/show.html.erb within layouts/application (47.7ms)
Completed 200 OK in 149ms (Views: 51.1ms | ActiveRecord: 3.0ms)


Started GET "/users/1/edit" for 127.0.0.1 at 2012-06-12 13:37:41 +0100
  Processing by UsersController#edit as HTML
  Parameters: {"id"=>"1"}
  [1m[36mUser Load (0.3ms)[0m  [1mSELECT "users".* FROM "users" WHERE ("users"."id" = 1) LIMIT 1[0m
  [1m[35mCACHE (0.0ms)[0m  SELECT "users".* FROM "users" WHERE ("users"."id" = 1) LIMIT 1
  [1m[36mCACHE (0.0ms)[0m  [1mSELECT "users".* FROM "users" WHERE ("users"."id" = 1) LIMIT 1[0m
Rendered shared/_error_messages.html.erb (0.6ms)
Rendered shared/_paleta.html.erb (0.5ms)
Rendered shared/_paleta.html.erb (0.1ms)
Rendered shared/_paleta.html.erb (0.5ms)
Rendered shared/_paleta.html.erb (0.4ms)
Rendered layouts/_stylesheets.html.erb (1.0ms)
Rendered layouts/_header.html.erb (6.8ms)
Rendered layouts/_footer.html.erb (0.4ms)
Rendered users/edit.html.erb within layouts/application (26.5ms)
Completed 200 OK in 99ms (Views: 33.3ms | ActiveRecord: 6.5ms)


Started POST "/users/1" for 127.0.0.1 at 2012-06-12 13:37:48 +0100
  Processing by UsersController#update as HTML
  Parameters: {"utf8"=>"✓", "authenticity_token"=>"Vd57yp6W5t6tkDsajLBotfSR/k18gfJ/uogSzdnTQrE=", "user"=>{"name"=>"Sergio", "email"=>"sergiojgl@gmail.com", "password"=>"[FILTERED]", "password_confirmation"=>"[FILTERED]", "color"=>"red", "notification"=>"0"}, "commit"=>"Actualizar", "id"=>"1"}
  [1m[35mUser Load (0.3ms)[0m  SELECT "users".* FROM "users" WHERE ("users"."id" = 1) LIMIT 1
  [1m[36mCACHE (0.0ms)[0m  [1mSELECT "users".* FROM "users" WHERE ("users"."id" = 1) LIMIT 1[0m
  [1m[35mCACHE (0.0ms)[0m  SELECT "users".* FROM "users" WHERE ("users"."id" = 1) LIMIT 1
  [1m[36mUser Load (0.1ms)[0m  [1mSELECT "users"."id" FROM "users" WHERE (LOWER("users"."email") = LOWER('sergiojgl@gmail.com')) AND ("users".id <> 1) LIMIT 1[0m
  [1m[35mSQL (0.3ms)[0m  UPDATE "users" SET "encrypted_password" = '4716d522ef19267aeca91e64909a19f50b712916b5dea3ae0161b4e995d32a3d', "salt" = '82f0bec97715604e0eee0b0f556de6ff6b575ca2494031e2f9c13b5c788f516d', "updated_at" = '2012-06-12 12:37:48.365682' WHERE ("users"."id" = 1)
Redirected to http://localhost:3000/users/1
Completed 302 Found in 75ms


Started GET "/users/1" for 127.0.0.1 at 2012-06-12 13:37:48 +0100
  Processing by UsersController#show as HTML
  Parameters: {"id"=>"1"}
  [1m[36mUser Load (0.4ms)[0m  [1mSELECT "users".* FROM "users" WHERE ("users"."id" = 1) LIMIT 1[0m
  [1m[35mMicropost Load (0.2ms)[0m  SELECT "microposts".* FROM "microposts" WHERE ("microposts".user_id = 1) ORDER BY microposts.created_at DESC LIMIT 10 OFFSET 0
  [1m[36mCACHE (0.0ms)[0m  [1mSELECT "users".* FROM "users" WHERE ("users"."id" = 1) LIMIT 1[0m
  [1m[35mSQL (0.1ms)[0m  SELECT COUNT(*) AS count_id FROM (SELECT 1 FROM "microposts" WHERE ("microposts".user_id = 1)) AS subquery
  [1m[36mCACHE (0.0ms)[0m  [1mSELECT COUNT(*) AS count_id FROM (SELECT 1 FROM "microposts" WHERE ("microposts".user_id = 1)) AS subquery[0m
Rendered shared/_user_info.html.erb (2.2ms)
  [1m[35mSQL (0.2ms)[0m  SELECT COUNT(*) AS count_id FROM "users" INNER JOIN "relationships" ON "users".id = "relationships".followed_id WHERE (("relationships".follower_id = 1))
  [1m[36mSQL (0.1ms)[0m  [1mSELECT COUNT(*) AS count_id FROM "users" INNER JOIN "relationships" ON "users".id = "relationships".follower_id WHERE (("relationships".followed_id = 1))[0m
Rendered shared/_stats.html.erb (28.1ms)
  [1m[35mCACHE (0.0ms)[0m  SELECT "users".* FROM "users" WHERE ("users"."id" = 1) LIMIT 1
Rendered layouts/_stylesheets.html.erb (1.8ms)
  [1m[36mCACHE (0.0ms)[0m  [1mSELECT "users".* FROM "users" WHERE ("users"."id" = 1) LIMIT 1[0m
Rendered layouts/_header.html.erb (2.3ms)
Rendered layouts/_footer.html.erb (0.3ms)
Rendered users/show.html.erb within layouts/application (46.0ms)
Completed 200 OK in 158ms (Views: 49.6ms | ActiveRecord: 1.1ms)


Started GET "/" for 127.0.0.1 at 2012-06-12 13:37:51 +0100
  Processing by PagesController#home as HTML
  [1m[35mUser Load (0.3ms)[0m  SELECT "users".* FROM "users" WHERE ("users"."id" = 1) LIMIT 1
  [1m[36mCACHE (0.0ms)[0m  [1mSELECT "users".* FROM "users" WHERE ("users"."id" = 1) LIMIT 1[0m
  [1m[35mCACHE (0.0ms)[0m  SELECT "users".* FROM "users" WHERE ("users"."id" = 1) LIMIT 1
Rendered layouts/_stylesheets.html.erb (1.9ms)
  [1m[36mCACHE (0.0ms)[0m  [1mSELECT "users".* FROM "users" WHERE ("users"."id" = 1) LIMIT 1[0m
Rendered layouts/_header.html.erb (2.1ms)
Rendered layouts/_footer.html.erb (0.3ms)
Rendered pages/home.html.erb within layouts/application (13.0ms)
Completed 200 OK in 70ms (Views: 16.9ms | ActiveRecord: 1.0ms)


Started GET "/signin" for 127.0.0.1 at 2012-06-12 13:37:52 +0100
  Processing by SessionsController#new as HTML
  [1m[35mUser Load (0.7ms)[0m  SELECT "users".* FROM "users" WHERE ("users"."id" = 1) LIMIT 1
Rendered layouts/_stylesheets.html.erb (85.0ms)
  [1m[36mCACHE (0.0ms)[0m  [1mSELECT "users".* FROM "users" WHERE ("users"."id" = 1) LIMIT 1[0m
Rendered layouts/_header.html.erb (2.3ms)
Rendered layouts/_footer.html.erb (0.3ms)
Rendered sessions/new.html.erb within layouts/application (95.6ms)
Completed 200 OK in 101ms (Views: 100.1ms | ActiveRecord: 0.7ms)


Started POST "/sessions" for 127.0.0.1 at 2012-06-12 13:37:56 +0100
  Processing by SessionsController#create as HTML
  Parameters: {"utf8"=>"✓", "authenticity_token"=>"Vd57yp6W5t6tkDsajLBotfSR/k18gfJ/uogSzdnTQrE=", "session"=>{"email"=>"sergiojgl@gmail.com", "password"=>"[FILTERED]"}, "commit"=>"Entrar"}
  [1m[35mUser Load (0.2ms)[0m  SELECT "users".* FROM "users" WHERE ("users"."email" = 'sergiojgl@gmail.com') LIMIT 1
Redirected to http://localhost:3000/users/1
Completed 302 Found in 82ms


Started GET "/users/1" for 127.0.0.1 at 2012-06-12 13:37:56 +0100
  Processing by UsersController#show as HTML
  Parameters: {"id"=>"1"}
  [1m[36mUser Load (0.3ms)[0m  [1mSELECT "users".* FROM "users" WHERE ("users"."id" = 1) LIMIT 1[0m
  [1m[35mMicropost Load (0.2ms)[0m  SELECT "microposts".* FROM "microposts" WHERE ("microposts".user_id = 1) ORDER BY microposts.created_at DESC LIMIT 10 OFFSET 0
  [1m[36mCACHE (0.0ms)[0m  [1mSELECT "users".* FROM "users" WHERE ("users"."id" = 1) LIMIT 1[0m
Rendered users/_follow_form.html.erb (0.3ms)
  [1m[35mSQL (0.4ms)[0m  SELECT COUNT(*) AS count_id FROM (SELECT 1 FROM "microposts" WHERE ("microposts".user_id = 1)) AS subquery
  [1m[36mCACHE (0.0ms)[0m  [1mSELECT COUNT(*) AS count_id FROM (SELECT 1 FROM "microposts" WHERE ("microposts".user_id = 1)) AS subquery[0m
Rendered shared/_user_info.html.erb (2.3ms)
  [1m[35mSQL (0.2ms)[0m  SELECT COUNT(*) AS count_id FROM "users" INNER JOIN "relationships" ON "users".id = "relationships".followed_id WHERE (("relationships".follower_id = 1))
  [1m[36mSQL (0.1ms)[0m  [1mSELECT COUNT(*) AS count_id FROM "users" INNER JOIN "relationships" ON "users".id = "relationships".follower_id WHERE (("relationships".followed_id = 1))[0m
Rendered shared/_stats.html.erb (26.6ms)
Rendered layouts/_stylesheets.html.erb (0.7ms)
Rendered layouts/_header.html.erb (5.9ms)
Rendered layouts/_footer.html.erb (0.2ms)
Rendered users/show.html.erb within layouts/application (87.0ms)
Completed 200 OK in 172ms (Views: 90.6ms | ActiveRecord: 1.2ms)


Started GET "/" for 127.0.0.1 at 2012-06-12 13:37:59 +0100
  Processing by PagesController#home as HTML
  [1m[35mUser Load (0.3ms)[0m  SELECT "users".* FROM "users" WHERE ("users"."id" = 1) LIMIT 1
  [1m[36mMicropost Load (0.3ms)[0m  [1mSELECT "microposts".* FROM "microposts" WHERE (user_id IN (SELECT followed_id FROM relationships
 WHERE follower_id = 1) OR user_id = 1) ORDER BY microposts.created_at DESC LIMIT 10 OFFSET 0[0m
Rendered shared/_error_messages.html.erb (0.9ms)
Rendered shared/_micropost_form.html.erb (6.6ms)
Rendered shared/_feed.html.erb (0.7ms)
  [1m[35mSQL (0.1ms)[0m  SELECT COUNT(*) AS count_id FROM (SELECT 1 FROM "microposts" WHERE ("microposts".user_id = 1)) AS subquery
Rendered shared/_user_info.html.erb (6.8ms)
  [1m[36mSQL (0.4ms)[0m  [1mSELECT COUNT(*) AS count_id FROM "users" INNER JOIN "relationships" ON "users".id = "relationships".followed_id WHERE (("relationships".follower_id = 1))[0m
  [1m[35mSQL (0.1ms)[0m  SELECT COUNT(*) AS count_id FROM "users" INNER JOIN "relationships" ON "users".id = "relationships".follower_id WHERE (("relationships".followed_id = 1))
Rendered shared/_stats.html.erb (25.4ms)
Rendered layouts/_stylesheets.html.erb (1.0ms)
Rendered layouts/_header.html.erb (2.5ms)
Rendered layouts/_footer.html.erb (0.3ms)
Rendered pages/home.html.erb within layouts/application (54.9ms)
Completed 200 OK in 151ms (Views: 58.6ms | ActiveRecord: 1.3ms)


Started POST "/signout" for 127.0.0.1 at 2012-06-12 13:38:01 +0100
  Processing by SessionsController#destroy as HTML
  Parameters: {"authenticity_token"=>"Vd57yp6W5t6tkDsajLBotfSR/k18gfJ/uogSzdnTQrE="}
Redirected to http://localhost:3000/
Completed 302 Found in 1ms


Started GET "/" for 127.0.0.1 at 2012-06-12 13:38:01 +0100
  Processing by PagesController#home as HTML
  [1m[36mUser Load (0.2ms)[0m  [1mSELECT "users".* FROM "users" WHERE ("users"."id" IS NULL) LIMIT 1[0m
  [1m[35mCACHE (0.0ms)[0m  SELECT "users".* FROM "users" WHERE ("users"."id" IS NULL) LIMIT 1
  [1m[36mCACHE (0.0ms)[0m  [1mSELECT "users".* FROM "users" WHERE ("users"."id" IS NULL) LIMIT 1[0m
Rendered layouts/_stylesheets.html.erb (1.7ms)
  [1m[35mCACHE (0.0ms)[0m  SELECT "users".* FROM "users" WHERE ("users"."id" IS NULL) LIMIT 1
Rendered layouts/_header.html.erb (2.2ms)
Rendered layouts/_footer.html.erb (0.4ms)
Rendered pages/home.html.erb within layouts/application (13.9ms)
Completed 200 OK in 66ms (Views: 17.3ms | ActiveRecord: 0.2ms)


Started GET "/help" for 127.0.0.1 at 2012-06-12 14:18:15 +0100
  Processing by PagesController#help as HTML
  [1m[36mSQL (0.2ms)[0m  [1m SELECT name
 FROM sqlite_master
 WHERE type = 'table' AND NOT name = 'sqlite_sequence'
[0m
  [1m[35mUser Load (0.2ms)[0m  SELECT "users".* FROM "users" WHERE ("users"."id" IS NULL) LIMIT 1
Rendered layouts/_stylesheets.html.erb (141.4ms)
  [1m[36mCACHE (0.0ms)[0m  [1mSELECT "users".* FROM "users" WHERE ("users"."id" IS NULL) LIMIT 1[0m
Rendered layouts/_header.html.erb (5.0ms)
Rendered layouts/_footer.html.erb (0.3ms)
Rendered pages/help.html.erb within layouts/application (156.1ms)
Completed 200 OK in 160ms (Views: 159.4ms | ActiveRecord: 0.5ms)


Started GET "/signin" for 127.0.0.1 at 2012-06-12 14:18:25 +0100
  Processing by SessionsController#new as HTML
  [1m[35mUser Load (0.2ms)[0m  SELECT "users".* FROM "users" WHERE ("users"."id" IS NULL) LIMIT 1
Rendered layouts/_stylesheets.html.erb (72.1ms)
  [1m[36mCACHE (0.0ms)[0m  [1mSELECT "users".* FROM "users" WHERE ("users"."id" IS NULL) LIMIT 1[0m
Rendered layouts/_header.html.erb (2.5ms)
Rendered layouts/_footer.html.erb (0.4ms)
Rendered sessions/new.html.erb within layouts/application (84.6ms)
Completed 200 OK in 89ms (Views: 88.1ms | ActiveRecord: 0.2ms)


Started POST "/sessions" for 127.0.0.1 at 2012-06-12 14:18:29 +0100
  Processing by SessionsController#create as HTML
  Parameters: {"utf8"=>"✓", "authenticity_token"=>"Vd57yp6W5t6tkDsajLBotfSR/k18gfJ/uogSzdnTQrE=", "session"=>{"email"=>"sergiojgl@gmail.com", "password"=>"[FILTERED]"}, "commit"=>"Entrar"}
  [1m[35mUser Load (0.3ms)[0m  SELECT "users".* FROM "users" WHERE ("users"."email" = 'sergiojgl@gmail.com') LIMIT 1
Redirected to http://localhost:3000/users/1
Completed 302 Found in 85ms


Started GET "/users/1" for 127.0.0.1 at 2012-06-12 14:18:29 +0100
  Processing by UsersController#show as HTML
  Parameters: {"id"=>"1"}
  [1m[36mUser Load (0.4ms)[0m  [1mSELECT "users".* FROM "users" WHERE ("users"."id" = 1) LIMIT 1[0m
  [1m[35mMicropost Load (0.3ms)[0m  SELECT "microposts".* FROM "microposts" WHERE ("microposts".user_id = 1) ORDER BY microposts.created_at DESC LIMIT 10 OFFSET 0
  [1m[36mCACHE (0.0ms)[0m  [1mSELECT "users".* FROM "users" WHERE ("users"."id" = 1) LIMIT 1[0m
Rendered users/_follow_form.html.erb (0.7ms)
  [1m[35mSQL (0.5ms)[0m  SELECT COUNT(*) AS count_id FROM (SELECT 1 FROM "microposts" WHERE ("microposts".user_id = 1)) AS subquery
  [1m[36mCACHE (0.0ms)[0m  [1mSELECT COUNT(*) AS count_id FROM (SELECT 1 FROM "microposts" WHERE ("microposts".user_id = 1)) AS subquery[0m
Rendered shared/_user_info.html.erb (2.6ms)
  [1m[35mSQL (0.2ms)[0m  SELECT COUNT(*) AS count_id FROM "users" INNER JOIN "relationships" ON "users".id = "relationships".followed_id WHERE (("relationships".follower_id = 1))
  [1m[36mSQL (0.2ms)[0m  [1mSELECT COUNT(*) AS count_id FROM "users" INNER JOIN "relationships" ON "users".id = "relationships".follower_id WHERE (("relationships".followed_id = 1))[0m
Rendered shared/_stats.html.erb (27.0ms)
Rendered layouts/_stylesheets.html.erb (1.1ms)
Rendered layouts/_header.html.erb (3.0ms)
Rendered layouts/_footer.html.erb (0.3ms)
Rendered users/show.html.erb within layouts/application (47.0ms)
Completed 200 OK in 147ms (Views: 50.4ms | ActiveRecord: 1.5ms)


Started GET "/help" for 127.0.0.1 at 2012-06-12 14:18:31 +0100
  Processing by PagesController#help as HTML
  [1m[35mUser Load (0.3ms)[0m  SELECT "users".* FROM "users" WHERE ("users"."id" = 1) LIMIT 1
Rendered layouts/_stylesheets.html.erb (82.2ms)
Rendered layouts/_header.html.erb (3.4ms)
Rendered layouts/_footer.html.erb (0.4ms)
Rendered pages/help.html.erb within layouts/application (91.8ms)
Completed 200 OK in 96ms (Views: 95.2ms | ActiveRecord: 0.6ms)


Started POST "/signout" for 127.0.0.1 at 2012-06-12 14:18:46 +0100
  Processing by SessionsController#destroy as HTML
  Parameters: {"authenticity_token"=>"Vd57yp6W5t6tkDsajLBotfSR/k18gfJ/uogSzdnTQrE="}
Redirected to http://localhost:3000/
Completed 302 Found in 1ms


Started GET "/" for 127.0.0.1 at 2012-06-12 14:18:47 +0100
  Processing by PagesController#home as HTML
  [1m[36mUser Load (0.2ms)[0m  [1mSELECT "users".* FROM "users" WHERE ("users"."id" IS NULL) LIMIT 1[0m
  [1m[35mCACHE (0.0ms)[0m  SELECT "users".* FROM "users" WHERE ("users"."id" IS NULL) LIMIT 1
  [1m[36mCACHE (0.0ms)[0m  [1mSELECT "users".* FROM "users" WHERE ("users"."id" IS NULL) LIMIT 1[0m
Rendered layouts/_stylesheets.html.erb (1.7ms)
  [1m[35mCACHE (0.0ms)[0m  SELECT "users".* FROM "users" WHERE ("users"."id" IS NULL) LIMIT 1
Rendered layouts/_header.html.erb (4.1ms)
Rendered layouts/_footer.html.erb (0.4ms)
Rendered pages/home.html.erb within layouts/application (14.3ms)
Completed 200 OK in 119ms (Views: 21.8ms | ActiveRecord: 0.3ms)


Started GET "/" for 127.0.0.1 at 2012-06-12 15:57:25 +0100
  Processing by PagesController#home as HTML
  [1m[36mSQL (0.4ms)[0m  [1m SELECT name
 FROM sqlite_master
 WHERE type = 'table' AND NOT name = 'sqlite_sequence'
[0m
  [1m[35mUser Load (0.2ms)[0m  SELECT "users".* FROM "users" WHERE ("users"."id" IS NULL) LIMIT 1
  [1m[36mCACHE (0.0ms)[0m  [1mSELECT "users".* FROM "users" WHERE ("users"."id" IS NULL) LIMIT 1[0m
  [1m[35mCACHE (0.0ms)[0m  SELECT "users".* FROM "users" WHERE ("users"."id" IS NULL) LIMIT 1
Rendered layouts/_stylesheets.html.erb (1.3ms)
  [1m[36mCACHE (0.0ms)[0m  [1mSELECT "users".* FROM "users" WHERE ("users"."id" IS NULL) LIMIT 1[0m
Rendered layouts/_header.html.erb (1.7ms)
Rendered layouts/_footer.html.erb (0.4ms)
Rendered pages/home.html.erb within layouts/application (10.4ms)
Completed 200 OK in 119ms (Views: 13.7ms | ActiveRecord: 0.6ms)


Started GET "/signin" for 127.0.0.1 at 2012-06-12 15:57:26 +0100
  Processing by SessionsController#new as HTML
  [1m[35mUser Load (0.2ms)[0m  SELECT "users".* FROM "users" WHERE ("users"."id" IS NULL) LIMIT 1
Rendered layouts/_stylesheets.html.erb (51.2ms)
  [1m[36mCACHE (0.0ms)[0m  [1mSELECT "users".* FROM "users" WHERE ("users"."id" IS NULL) LIMIT 1[0m
Rendered layouts/_header.html.erb (2.8ms)
Rendered layouts/_footer.html.erb (0.4ms)
Rendered sessions/new.html.erb within layouts/application (102.4ms)
Completed 200 OK in 107ms (Views: 106.3ms | ActiveRecord: 0.2ms)


Started POST "/sessions" for 127.0.0.1 at 2012-06-12 15:57:30 +0100
  Processing by SessionsController#create as HTML
  Parameters: {"utf8"=>"✓", "authenticity_token"=>"Ur4YrnEexNg2YHo9yd2/sLUj1rotZZyc+CA2pLuph74=", "session"=>{"email"=>"sergiojgl@gmail.com", "password"=>"[FILTERED]"}, "commit"=>"Entrar"}
  [1m[35mUser Load (0.3ms)[0m  SELECT "users".* FROM "users" WHERE ("users"."email" = 'sergiojgl@gmail.com') LIMIT 1
Redirected to http://localhost:3000/users/1
Completed 302 Found in 85ms


Started GET "/users/1" for 127.0.0.1 at 2012-06-12 15:57:30 +0100
  Processing by UsersController#show as HTML
  Parameters: {"id"=>"1"}
  [1m[36mUser Load (0.2ms)[0m  [1mSELECT "users".* FROM "users" WHERE ("users"."id" = 1) LIMIT 1[0m
  [1m[35mMicropost Load (0.2ms)[0m  SELECT "microposts".* FROM "microposts" WHERE ("microposts".user_id = 1) ORDER BY microposts.created_at DESC LIMIT 10 OFFSET 0
  [1m[36mCACHE (0.0ms)[0m  [1mSELECT "users".* FROM "users" WHERE ("users"."id" = 1) LIMIT 1[0m
Rendered users/_follow_form.html.erb (0.7ms)
  [1m[35mSQL (0.2ms)[0m  SELECT COUNT(*) AS count_id FROM (SELECT 1 FROM "microposts" WHERE ("microposts".user_id = 1)) AS subquery
  [1m[36mCACHE (0.0ms)[0m  [1mSELECT COUNT(*) AS count_id FROM (SELECT 1 FROM "microposts" WHERE ("microposts".user_id = 1)) AS subquery[0m
Rendered shared/_user_info.html.erb (2.8ms)
  [1m[35mSQL (0.2ms)[0m  SELECT COUNT(*) AS count_id FROM "users" INNER JOIN "relationships" ON "users".id = "relationships".followed_id WHERE (("relationships".follower_id = 1))
  [1m[36mSQL (0.2ms)[0m  [1mSELECT COUNT(*) AS count_id FROM "users" INNER JOIN "relationships" ON "users".id = "relationships".follower_id WHERE (("relationships".followed_id = 1))[0m
Rendered shared/_stats.html.erb (27.9ms)
Rendered layouts/_stylesheets.html.erb (1.2ms)
Rendered layouts/_header.html.erb (2.2ms)
Rendered layouts/_footer.html.erb (0.3ms)
Rendered users/show.html.erb within layouts/application (48.2ms)
Completed 200 OK in 158ms (Views: 51.1ms | ActiveRecord: 1.3ms)


Started GET "/" for 127.0.0.1 at 2012-06-12 16:09:42 +0100
  Processing by PagesController#home as HTML
  [1m[36mSQL (0.2ms)[0m  [1m SELECT name
 FROM sqlite_master
 WHERE type = 'table' AND NOT name = 'sqlite_sequence'
[0m
  [1m[35mUser Load (0.3ms)[0m  SELECT "users".* FROM "users" WHERE ("users"."id" = 1) LIMIT 1
  [1m[36mMicropost Load (0.2ms)[0m  [1mSELECT "microposts".* FROM "microposts" WHERE (user_id IN (SELECT followed_id FROM relationships
 WHERE follower_id = 1) OR user_id = 1) ORDER BY microposts.created_at DESC LIMIT 10 OFFSET 0[0m
Rendered shared/_error_messages.html.erb (1.6ms)
Rendered shared/_micropost_form.html.erb (8.4ms)
Rendered shared/_feed.html.erb (0.5ms)
  [1m[35mSQL (0.3ms)[0m  SELECT COUNT(*) AS count_id FROM (SELECT 1 FROM "microposts" WHERE ("microposts".user_id = 1)) AS subquery
Rendered shared/_user_info.html.erb (8.8ms)
  [1m[36mSQL (0.2ms)[0m  [1mSELECT COUNT(*) AS count_id FROM "users" INNER JOIN "relationships" ON "users".id = "relationships".followed_id WHERE (("relationships".follower_id = 1))[0m
  [1m[35mSQL (0.1ms)[0m  SELECT COUNT(*) AS count_id FROM "users" INNER JOIN "relationships" ON "users".id = "relationships".follower_id WHERE (("relationships".followed_id = 1))
Rendered shared/_stats.html.erb (63.2ms)
Rendered layouts/_stylesheets.html.erb (0.8ms)
Rendered layouts/_header.html.erb (3.5ms)
Rendered layouts/_footer.html.erb (0.4ms)
Rendered pages/home.html.erb within layouts/application (94.8ms)
Completed 200 OK in 235ms (Views: 98.0ms | ActiveRecord: 1.4ms)


Started GET "/" for 127.0.0.1 at 2012-06-12 16:12:07 +0100
  Processing by PagesController#home as HTML
  [1m[36mUser Load (0.3ms)[0m  [1mSELECT "users".* FROM "users" WHERE ("users"."id" = 1) LIMIT 1[0m
  [1m[35mMicropost Load (0.2ms)[0m  SELECT "microposts".* FROM "microposts" WHERE (user_id IN (SELECT followed_id FROM relationships
 WHERE follower_id = 1) OR user_id = 1) ORDER BY microposts.created_at DESC LIMIT 10 OFFSET 0
Rendered shared/_error_messages.html.erb (0.8ms)
Rendered shared/_micropost_form.html.erb (10.4ms)
Rendered shared/_feed.html.erb (0.5ms)
  [1m[36mSQL (0.2ms)[0m  [1mSELECT COUNT(*) AS count_id FROM (SELECT 1 FROM "microposts" WHERE ("microposts".user_id = 1)) AS subquery[0m
Rendered shared/_user_info.html.erb (7.2ms)
  [1m[35mSQL (0.3ms)[0m  SELECT COUNT(*) AS count_id FROM "users" INNER JOIN "relationships" ON "users".id = "relationships".followed_id WHERE (("relationships".follower_id = 1))
  [1m[36mSQL (0.1ms)[0m  [1mSELECT COUNT(*) AS count_id FROM "users" INNER JOIN "relationships" ON "users".id = "relationships".follower_id WHERE (("relationships".followed_id = 1))[0m
Rendered shared/_stats.html.erb (59.6ms)
Rendered layouts/_stylesheets.html.erb (0.9ms)
Rendered layouts/_header.html.erb (2.7ms)
Rendered layouts/_footer.html.erb (0.3ms)
Rendered pages/home.html.erb within layouts/application (90.5ms)
Completed 200 OK in 183ms (Views: 93.2ms | ActiveRecord: 1.1ms)


Started GET "/" for 127.0.0.1 at 2012-06-12 16:12:09 +0100
  Processing by PagesController#home as HTML
  [1m[35mUser Load (0.9ms)[0m  SELECT "users".* FROM "users" WHERE ("users"."id" = 1) LIMIT 1
  [1m[36mMicropost Load (0.2ms)[0m  [1mSELECT "microposts".* FROM "microposts" WHERE (user_id IN (SELECT followed_id FROM relationships
 WHERE follower_id = 1) OR user_id = 1) ORDER BY microposts.created_at DESC LIMIT 10 OFFSET 0[0m
Rendered shared/_error_messages.html.erb (0.7ms)
Rendered shared/_micropost_form.html.erb (10.1ms)
Rendered shared/_feed.html.erb (0.4ms)
  [1m[35mSQL (0.3ms)[0m  SELECT COUNT(*) AS count_id FROM (SELECT 1 FROM "microposts" WHERE ("microposts".user_id = 1)) AS subquery
Rendered shared/_user_info.html.erb (7.2ms)
  [1m[36mSQL (0.3ms)[0m  [1mSELECT COUNT(*) AS count_id FROM "users" INNER JOIN "relationships" ON "users".id = "relationships".followed_id WHERE (("relationships".follower_id = 1))[0m
  [1m[35mSQL (0.2ms)[0m  SELECT COUNT(*) AS count_id FROM "users" INNER JOIN "relationships" ON "users".id = "relationships".follower_id WHERE (("relationships".followed_id = 1))
Rendered shared/_stats.html.erb (24.9ms)
Rendered layouts/_stylesheets.html.erb (0.8ms)
Rendered layouts/_header.html.erb (3.1ms)
Rendered layouts/_footer.html.erb (0.3ms)
Rendered pages/home.html.erb within layouts/application (55.5ms)
Completed 200 OK in 154ms (Views: 58.6ms | ActiveRecord: 1.8ms)


Started GET "/" for 127.0.0.1 at 2012-06-12 16:12:18 +0100
  Processing by PagesController#home as HTML
  [1m[36mUser Load (0.3ms)[0m  [1mSELECT "users".* FROM "users" WHERE ("users"."id" = 1) LIMIT 1[0m
  [1m[35mMicropost Load (0.1ms)[0m  SELECT "microposts".* FROM "microposts" WHERE (user_id IN (SELECT followed_id FROM relationships
 WHERE follower_id = 1) OR user_id = 1) ORDER BY microposts.created_at DESC LIMIT 10 OFFSET 0
Rendered shared/_error_messages.html.erb (0.6ms)
Rendered shared/_micropost_form.html.erb (10.4ms)
Rendered shared/_feed.html.erb (0.4ms)
  [1m[36mSQL (0.3ms)[0m  [1mSELECT COUNT(*) AS count_id FROM (SELECT 1 FROM "microposts" WHERE ("microposts".user_id = 1)) AS subquery[0m
Rendered shared/_user_info.html.erb (7.4ms)
  [1m[35mSQL (0.3ms)[0m  SELECT COUNT(*) AS count_id FROM "users" INNER JOIN "relationships" ON "users".id = "relationships".followed_id WHERE (("relationships".follower_id = 1))
  [1m[36mSQL (0.1ms)[0m  [1mSELECT COUNT(*) AS count_id FROM "users" INNER JOIN "relationships" ON "users".id = "relationships".follower_id WHERE (("relationships".followed_id = 1))[0m
Rendered shared/_stats.html.erb (60.8ms)
Rendered layouts/_stylesheets.html.erb (1.1ms)
Rendered layouts/_header.html.erb (2.8ms)
Rendered layouts/_footer.html.erb (0.4ms)
Rendered pages/home.html.erb within layouts/application (92.1ms)
Completed 200 OK in 155ms (Views: 95.0ms | ActiveRecord: 1.1ms)


Started GET "/" for 127.0.0.1 at 2012-06-12 16:12:26 +0100
  Processing by PagesController#home as HTML
  [1m[35mUser Load (0.2ms)[0m  SELECT "users".* FROM "users" WHERE ("users"."id" = 1) LIMIT 1
  [1m[36mMicropost Load (0.3ms)[0m  [1mSELECT "microposts".* FROM "microposts" WHERE (user_id IN (SELECT followed_id FROM relationships
 WHERE follower_id = 1) OR user_id = 1) ORDER BY microposts.created_at DESC LIMIT 10 OFFSET 0[0m
Rendered shared/_error_messages.html.erb (0.8ms)
Rendered shared/_micropost_form.html.erb (10.3ms)
Rendered shared/_feed.html.erb (1.1ms)
Rendered shared/_user_info.html.erb (21.7ms)
Rendered pages/home.html.erb within layouts/application (36.6ms)
Completed   in 132ms

ActionView::Template::Error (undefined method `uppercase' for "sergiojgl@gmail.com":String):
    1: <% @user ||= current_user %>
    2: <foto>
    3:   <a href="<%= user_path(@user) %>"> 
    4:     <%= gravatar_for @user, :size => 120 %> 
    5:   </a>
    6: </foto>
    7: <h1><%= @user.name %></h1>
  app/helpers/users_helper.rb:6:in `gravatar_for'
  app/views/shared/_user_info.html.erb:4:in `_app_views_shared__user_info_html_erb__233307276_81619430__400018146'
  app/views/pages/home.html.erb:19:in `_app_views_pages_home_html_erb__13723506_82251080__653142739'

Rendered /home/sergio/.rvm/gems/ruby-1.9.2-p320@rails3/gems/actionpack-3.0.0/lib/action_dispatch/middleware/templates/rescues/_trace.erb (1.7ms)
Rendered /home/sergio/.rvm/gems/ruby-1.9.2-p320@rails3/gems/actionpack-3.0.0/lib/action_dispatch/middleware/templates/rescues/_request_and_response.erb (4.4ms)
Rendered /home/sergio/.rvm/gems/ruby-1.9.2-p320@rails3/gems/actionpack-3.0.0/lib/action_dispatch/middleware/templates/rescues/template_error.erb within rescues/layout (16.4ms)


Started GET "/" for 127.0.0.1 at 2012-06-12 16:12:42 +0100
  Processing by PagesController#home as HTML
  [1m[35mUser Load (0.2ms)[0m  SELECT "users".* FROM "users" WHERE ("users"."id" = 1) LIMIT 1
  [1m[36mMicropost Load (0.3ms)[0m  [1mSELECT "microposts".* FROM "microposts" WHERE (user_id IN (SELECT followed_id FROM relationships
 WHERE follower_id = 1) OR user_id = 1) ORDER BY microposts.created_at DESC LIMIT 10 OFFSET 0[0m
Rendered shared/_error_messages.html.erb (0.7ms)
Rendered shared/_micropost_form.html.erb (11.1ms)
Rendered shared/_feed.html.erb (0.5ms)
  [1m[35mSQL (0.1ms)[0m  SELECT COUNT(*) AS count_id FROM (SELECT 1 FROM "microposts" WHERE ("microposts".user_id = 1)) AS subquery
Rendered shared/_user_info.html.erb (7.7ms)
  [1m[36mSQL (0.2ms)[0m  [1mSELECT COUNT(*) AS count_id FROM "users" INNER JOIN "relationships" ON "users".id = "relationships".followed_id WHERE (("relationships".follower_id = 1))[0m
  [1m[35mSQL (0.1ms)[0m  SELECT COUNT(*) AS count_id FROM "users" INNER JOIN "relationships" ON "users".id = "relationships".follower_id WHERE (("relationships".followed_id = 1))
Rendered shared/_stats.html.erb (26.5ms)
Rendered layouts/_stylesheets.html.erb (1.0ms)
Rendered layouts/_header.html.erb (3.3ms)
Rendered layouts/_footer.html.erb (0.2ms)
Rendered pages/home.html.erb within layouts/application (58.2ms)
Completed 200 OK in 155ms (Views: 61.7ms | ActiveRecord: 0.9ms)


Started GET "/" for 127.0.0.1 at 2012-06-12 16:14:11 +0100
  Processing by PagesController#home as HTML
  [1m[36mUser Load (0.2ms)[0m  [1mSELECT "users".* FROM "users" WHERE ("users"."id" = 1) LIMIT 1[0m
  [1m[35mMicropost Load (0.2ms)[0m  SELECT "microposts".* FROM "microposts" WHERE (user_id IN (SELECT followed_id FROM relationships
 WHERE follower_id = 1) OR user_id = 1) ORDER BY microposts.created_at DESC LIMIT 10 OFFSET 0
Rendered shared/_error_messages.html.erb (0.7ms)
Rendered shared/_micropost_form.html.erb (7.5ms)
Rendered shared/_feed.html.erb (0.5ms)
  [1m[36mSQL (0.3ms)[0m  [1mSELECT COUNT(*) AS count_id FROM (SELECT 1 FROM "microposts" WHERE ("microposts".user_id = 1)) AS subquery[0m
Rendered shared/_user_info.html.erb (7.9ms)
  [1m[35mSQL (0.8ms)[0m  SELECT COUNT(*) AS count_id FROM "users" INNER JOIN "relationships" ON "users".id = "relationships".followed_id WHERE (("relationships".follower_id = 1))
  [1m[36mSQL (0.2ms)[0m  [1mSELECT COUNT(*) AS count_id FROM "users" INNER JOIN "relationships" ON "users".id = "relationships".follower_id WHERE (("relationships".followed_id = 1))[0m
Rendered shared/_stats.html.erb (63.8ms)
Rendered layouts/_stylesheets.html.erb (0.9ms)
Rendered layouts/_header.html.erb (3.2ms)
Rendered layouts/_footer.html.erb (0.5ms)
Rendered pages/home.html.erb within layouts/application (92.5ms)
Completed 200 OK in 195ms (Views: 97.8ms | ActiveRecord: 1.7ms)


Started GET "/users" for 127.0.0.1 at 2012-06-12 16:14:16 +0100
  Processing by UsersController#index as HTML
  [1m[35mUser Load (0.3ms)[0m  SELECT "users".* FROM "users" WHERE ("users"."id" = 1) LIMIT 1
  [1m[36mUser Load (0.3ms)[0m  [1mSELECT "users".* FROM "users" LIMIT 10 OFFSET 0[0m
Rendered users/_user.html.erb (1.4ms)
  [1m[35mSQL (0.2ms)[0m  SELECT COUNT(*) AS count_id FROM (SELECT 1 FROM "microposts" WHERE ("microposts".user_id = 1)) AS subquery
Rendered shared/_user_info.html.erb (24.4ms)
  [1m[36mSQL (0.3ms)[0m  [1mSELECT COUNT(*) AS count_id FROM "users" INNER JOIN "relationships" ON "users".id = "relationships".followed_id WHERE (("relationships".follower_id = 1))[0m
  [1m[35mSQL (0.1ms)[0m  SELECT COUNT(*) AS count_id FROM "users" INNER JOIN "relationships" ON "users".id = "relationships".follower_id WHERE (("relationships".followed_id = 1))
Rendered shared/_stats.html.erb (25.9ms)
Rendered layouts/_stylesheets.html.erb (1.1ms)
Rendered layouts/_header.html.erb (2.3ms)
Rendered layouts/_footer.html.erb (0.3ms)
Rendered users/index.html.erb within layouts/application (64.5ms)
Completed 200 OK in 146ms (Views: 67.7ms | ActiveRecord: 1.2ms)


Started POST "/signout" for 127.0.0.1 at 2012-06-12 16:14:18 +0100
  Processing by SessionsController#destroy as HTML
  Parameters: {"authenticity_token"=>"Ur4YrnEexNg2YHo9yd2/sLUj1rotZZyc+CA2pLuph74="}
Redirected to http://localhost:3000/
Completed 302 Found in 1ms


Started GET "/" for 127.0.0.1 at 2012-06-12 16:14:18 +0100
  Processing by PagesController#home as HTML
  [1m[36mUser Load (0.2ms)[0m  [1mSELECT "users".* FROM "users" WHERE ("users"."id" IS NULL) LIMIT 1[0m
  [1m[35mCACHE (0.0ms)[0m  SELECT "users".* FROM "users" WHERE ("users"."id" IS NULL) LIMIT 1
  [1m[36mCACHE (0.0ms)[0m  [1mSELECT "users".* FROM "users" WHERE ("users"."id" IS NULL) LIMIT 1[0m
Rendered layouts/_stylesheets.html.erb (2.9ms)
  [1m[35mCACHE (0.0ms)[0m  SELECT "users".* FROM "users" WHERE ("users"."id" IS NULL) LIMIT 1
Rendered layouts/_header.html.erb (2.3ms)
Rendered layouts/_footer.html.erb (0.5ms)
Rendered pages/home.html.erb within layouts/application (12.5ms)
Completed 200 OK in 59ms (Views: 17.7ms | ActiveRecord: 0.2ms)


Started GET "/signup" for 127.0.0.1 at 2012-06-12 16:14:20 +0100
  Processing by UsersController#new as HTML
Rendered shared/_error_messages.html.erb (0.7ms)
Rendered shared/_paleta.html.erb (0.5ms)
Rendered shared/_paleta.html.erb (0.4ms)
Rendered shared/_paleta.html.erb (0.4ms)
Rendered shared/_paleta.html.erb (0.4ms)
  [1m[36mUser Load (0.3ms)[0m  [1mSELECT "users".* FROM "users" WHERE ("users"."id" IS NULL) LIMIT 1[0m
Rendered layouts/_stylesheets.html.erb (8.0ms)
  [1m[35mCACHE (0.0ms)[0m  SELECT "users".* FROM "users" WHERE ("users"."id" IS NULL) LIMIT 1
Rendered layouts/_header.html.erb (2.2ms)
Rendered layouts/_footer.html.erb (0.4ms)
Rendered users/new.html.erb within layouts/application (34.4ms)
Completed 200 OK in 69ms (Views: 38.4ms | ActiveRecord: 0.3ms)


Started POST "/users" for 127.0.0.1 at 2012-06-12 16:14:31 +0100
  Processing by UsersController#create as HTML
  Parameters: {"utf8"=>"✓", "authenticity_token"=>"Ur4YrnEexNg2YHo9yd2/sLUj1rotZZyc+CA2pLuph74=", "user"=>{"name"=>"pepe", "email"=>"pepe@gmail.com", "password"=>"[FILTERED]", "password_confirmation"=>"[FILTERED]", "color"=>"blue", "notification"=>"0"}, "commit"=>"Registrarse"}
  [1m[36mUser Load (0.4ms)[0m  [1mSELECT "users"."id" FROM "users" WHERE (LOWER("users"."email") = LOWER('pepe@gmail.com')) LIMIT 1[0m
  [1m[35mSQL (0.4ms)[0m  INSERT INTO "users" ("admin", "color", "created_at", "email", "encrypted_password", "name", "notification", "salt", "updated_at") VALUES ('f', 'blue', '2012-06-12 15:14:31.517152', 'pepe@gmail.com', '083be70dba332c320e9d37fd1bb7c878817d036e120ad596cdbe2598bd3eff40', 'pepe', '0', 'f54ad9fc984a2281bae720ad970f67312a8f65436c89405561d8d1935d631d3b', '2012-06-12 15:14:31.517152')
Redirected to http://localhost:3000/users/2
Completed 302 Found in 114ms


Started GET "/users/2" for 127.0.0.1 at 2012-06-12 16:14:31 +0100
  Processing by UsersController#show as HTML
  Parameters: {"id"=>"2"}
  [1m[36mUser Load (0.3ms)[0m  [1mSELECT "users".* FROM "users" WHERE ("users"."id" = 2) LIMIT 1[0m
  [1m[35mMicropost Load (0.2ms)[0m  SELECT "microposts".* FROM "microposts" WHERE ("microposts".user_id = 2) ORDER BY microposts.created_at DESC LIMIT 10 OFFSET 0
  [1m[36mCACHE (0.0ms)[0m  [1mSELECT "users".* FROM "users" WHERE ("users"."id" = 2) LIMIT 1[0m
Rendered users/_follow_form.html.erb (0.6ms)
  [1m[35mSQL (0.2ms)[0m  SELECT COUNT(*) AS count_id FROM (SELECT 1 FROM "microposts" WHERE ("microposts".user_id = 2)) AS subquery
  [1m[36mCACHE (0.0ms)[0m  [1mSELECT COUNT(*) AS count_id FROM (SELECT 1 FROM "microposts" WHERE ("microposts".user_id = 2)) AS subquery[0m
Rendered shared/_user_info.html.erb (3.0ms)
  [1m[35mSQL (0.3ms)[0m  SELECT COUNT(*) AS count_id FROM "users" INNER JOIN "relationships" ON "users".id = "relationships".followed_id WHERE (("relationships".follower_id = 2))
  [1m[36mSQL (0.2ms)[0m  [1mSELECT COUNT(*) AS count_id FROM "users" INNER JOIN "relationships" ON "users".id = "relationships".follower_id WHERE (("relationships".followed_id = 2))[0m
Rendered shared/_stats.html.erb (27.6ms)
Rendered layouts/_stylesheets.html.erb (1.1ms)
Rendered layouts/_header.html.erb (2.9ms)
Rendered layouts/_footer.html.erb (0.4ms)
Rendered users/show.html.erb within layouts/application (48.7ms)
Completed 200 OK in 158ms (Views: 51.6ms | ActiveRecord: 1.3ms)


Started GET "/users" for 127.0.0.1 at 2012-06-12 16:14:35 +0100
  Processing by UsersController#index as HTML
  [1m[35mUser Load (0.3ms)[0m  SELECT "users".* FROM "users" WHERE ("users"."id" = 2) LIMIT 1
  [1m[36mUser Load (0.2ms)[0m  [1mSELECT "users".* FROM "users" LIMIT 10 OFFSET 0[0m
Rendered users/_user.html.erb (2.3ms)
  [1m[35mSQL (0.2ms)[0m  SELECT COUNT(*) AS count_id FROM (SELECT 1 FROM "microposts" WHERE ("microposts".user_id = 2)) AS subquery
Rendered shared/_user_info.html.erb (22.6ms)
  [1m[36mSQL (0.3ms)[0m  [1mSELECT COUNT(*) AS count_id FROM "users" INNER JOIN "relationships" ON "users".id = "relationships".followed_id WHERE (("relationships".follower_id = 2))[0m
  [1m[35mSQL (0.1ms)[0m  SELECT COUNT(*) AS count_id FROM "users" INNER JOIN "relationships" ON "users".id = "relationships".follower_id WHERE (("relationships".followed_id = 2))
Rendered shared/_stats.html.erb (29.1ms)
Rendered layouts/_stylesheets.html.erb (1.1ms)
Rendered layouts/_header.html.erb (2.2ms)
Rendered layouts/_footer.html.erb (0.4ms)
Rendered users/index.html.erb within layouts/application (98.3ms)
Completed 200 OK in 148ms (Views: 101.7ms | ActiveRecord: 1.1ms)


Started GET "/users" for 127.0.0.1 at 2012-06-12 16:22:04 +0100
  Processing by UsersController#index as HTML
  [1m[36mUser Load (0.2ms)[0m  [1mSELECT "users".* FROM "users" WHERE ("users"."id" = 2) LIMIT 1[0m
  [1m[35mUser Load (0.1ms)[0m  SELECT "users".* FROM "users" LIMIT 10 OFFSET 0
Rendered users/_user.html.erb (2.3ms)
  [1m[36mSQL (0.2ms)[0m  [1mSELECT COUNT(*) AS count_id FROM (SELECT 1 FROM "microposts" WHERE ("microposts".user_id = 2)) AS subquery[0m
Rendered shared/_user_info.html.erb (23.7ms)
  [1m[35mSQL (0.2ms)[0m  SELECT COUNT(*) AS count_id FROM "users" INNER JOIN "relationships" ON "users".id = "relationships".followed_id WHERE (("relationships".follower_id = 2))
  [1m[36mSQL (0.1ms)[0m  [1mSELECT COUNT(*) AS count_id FROM "users" INNER JOIN "relationships" ON "users".id = "relationships".follower_id WHERE (("relationships".followed_id = 2))[0m
Rendered shared/_stats.html.erb (27.6ms)
Rendered layouts/_stylesheets.html.erb (2.1ms)
Rendered layouts/_header.html.erb (1.8ms)
Rendered layouts/_footer.html.erb (0.3ms)
Rendered users/index.html.erb within layouts/application (68.7ms)
Completed 200 OK in 152ms (Views: 72.8ms | ActiveRecord: 0.9ms)


Started GET "/users" for 127.0.0.1 at 2012-06-12 16:22:07 +0100
  Processing by UsersController#index as HTML
  [1m[35mUser Load (0.3ms)[0m  SELECT "users".* FROM "users" WHERE ("users"."id" = 2) LIMIT 1
  [1m[36mUser Load (0.2ms)[0m  [1mSELECT "users".* FROM "users" LIMIT 10 OFFSET 0[0m
Rendered users/_user.html.erb (2.0ms)
  [1m[35mSQL (0.3ms)[0m  SELECT COUNT(*) AS count_id FROM (SELECT 1 FROM "microposts" WHERE ("microposts".user_id = 2)) AS subquery
Rendered shared/_user_info.html.erb (60.7ms)
  [1m[36mSQL (0.3ms)[0m  [1mSELECT COUNT(*) AS count_id FROM "users" INNER JOIN "relationships" ON "users".id = "relationships".followed_id WHERE (("relationships".follower_id = 2))[0m
  [1m[35mSQL (0.2ms)[0m  SELECT COUNT(*) AS count_id FROM "users" INNER JOIN "relationships" ON "users".id = "relationships".follower_id WHERE (("relationships".followed_id = 2))
Rendered shared/_stats.html.erb (33.1ms)
Rendered layouts/_stylesheets.html.erb (1.2ms)
Rendered layouts/_header.html.erb (2.6ms)
Rendered layouts/_footer.html.erb (0.4ms)
Rendered users/index.html.erb within layouts/application (107.8ms)
Completed 200 OK in 165ms (Views: 110.4ms | ActiveRecord: 1.3ms)


Started GET "/users" for 127.0.0.1 at 2012-06-12 16:22:30 +0100
  Processing by UsersController#index as HTML
  [1m[36mUser Load (0.2ms)[0m  [1mSELECT "users".* FROM "users" WHERE ("users"."id" = 2) LIMIT 1[0m
  [1m[35mUser Load (0.3ms)[0m  SELECT "users".* FROM "users" LIMIT 10 OFFSET 0
Rendered users/_user.html.erb (2.3ms)
  [1m[36mSQL (0.2ms)[0m  [1mSELECT COUNT(*) AS count_id FROM (SELECT 1 FROM "microposts" WHERE ("microposts".user_id = 2)) AS subquery[0m
Rendered shared/_user_info.html.erb (22.6ms)
  [1m[35mSQL (0.2ms)[0m  SELECT COUNT(*) AS count_id FROM "users" INNER JOIN "relationships" ON "users".id = "relationships".followed_id WHERE (("relationships".follower_id = 2))
  [1m[36mSQL (0.1ms)[0m  [1mSELECT COUNT(*) AS count_id FROM "users" INNER JOIN "relationships" ON "users".id = "relationships".follower_id WHERE (("relationships".followed_id = 2))[0m
Rendered shared/_stats.html.erb (25.8ms)
Rendered layouts/_stylesheets.html.erb (1.1ms)
Rendered layouts/_header.html.erb (2.5ms)
Rendered layouts/_footer.html.erb (0.3ms)
Rendered users/index.html.erb within layouts/application (62.0ms)
Completed 200 OK in 150ms (Views: 65.4ms | ActiveRecord: 1.0ms)


Started GET "/users" for 127.0.0.1 at 2012-06-12 16:34:03 +0100
  Processing by UsersController#index as HTML
  [1m[35mUser Load (0.2ms)[0m  SELECT "users".* FROM "users" WHERE ("users"."id" = 2) LIMIT 1
  [1m[36mUser Load (0.3ms)[0m  [1mSELECT "users".* FROM "users" LIMIT 10 OFFSET 0[0m
Rendered users/_user.html.erb (2.3ms)
  [1m[35mSQL (0.2ms)[0m  SELECT COUNT(*) AS count_id FROM (SELECT 1 FROM "microposts" WHERE ("microposts".user_id = 2)) AS subquery
Rendered shared/_user_info.html.erb (57.7ms)
  [1m[36mSQL (0.8ms)[0m  [1mSELECT COUNT(*) AS count_id FROM "users" INNER JOIN "relationships" ON "users".id = "relationships".followed_id WHERE (("relationships".follower_id = 2))[0m
  [1m[35mSQL (0.3ms)[0m  SELECT COUNT(*) AS count_id FROM "users" INNER JOIN "relationships" ON "users".id = "relationships".follower_id WHERE (("relationships".followed_id = 2))
Rendered shared/_stats.html.erb (26.2ms)
Rendered layouts/_stylesheets.html.erb (1.0ms)
Rendered layouts/_header.html.erb (2.9ms)
Rendered layouts/_footer.html.erb (0.5ms)
Rendered users/index.html.erb within layouts/application (98.2ms)
Completed 200 OK in 150ms (Views: 100.3ms | ActiveRecord: 1.9ms)


Started GET "/" for 127.0.0.1 at 2012-06-12 16:34:06 +0100
  Processing by PagesController#home as HTML
  [1m[36mUser Load (0.3ms)[0m  [1mSELECT "users".* FROM "users" WHERE ("users"."id" = 2) LIMIT 1[0m
  [1m[35mMicropost Load (0.6ms)[0m  SELECT "microposts".* FROM "microposts" WHERE (user_id IN (SELECT followed_id FROM relationships
 WHERE follower_id = 2) OR user_id = 2) ORDER BY microposts.created_at DESC LIMIT 10 OFFSET 0
Rendered shared/_error_messages.html.erb (0.8ms)
Rendered shared/_micropost_form.html.erb (10.5ms)
Rendered shared/_feed.html.erb (0.5ms)
  [1m[36mSQL (0.2ms)[0m  [1mSELECT COUNT(*) AS count_id FROM (SELECT 1 FROM "microposts" WHERE ("microposts".user_id = 2)) AS subquery[0m
Rendered shared/_user_info.html.erb (10.9ms)
  [1m[35mSQL (0.3ms)[0m  SELECT COUNT(*) AS count_id FROM "users" INNER JOIN "relationships" ON "users".id = "relationships".followed_id WHERE (("relationships".follower_id = 2))
  [1m[36mSQL (0.2ms)[0m  [1mSELECT COUNT(*) AS count_id FROM "users" INNER JOIN "relationships" ON "users".id = "relationships".follower_id WHERE (("relationships".followed_id = 2))[0m
Rendered shared/_stats.html.erb (86.2ms)
Rendered layouts/_stylesheets.html.erb (0.9ms)
Rendered layouts/_header.html.erb (2.6ms)
Rendered layouts/_footer.html.erb (0.3ms)
Rendered pages/home.html.erb within layouts/application (127.7ms)
Completed 200 OK in 245ms (Views: 131.4ms | ActiveRecord: 1.6ms)


Started GET "/" for 127.0.0.1 at 2012-06-12 16:34:08 +0100
  Processing by PagesController#home as HTML
  [1m[35mUser Load (0.3ms)[0m  SELECT "users".* FROM "users" WHERE ("users"."id" = 2) LIMIT 1
  [1m[36mMicropost Load (0.2ms)[0m  [1mSELECT "microposts".* FROM "microposts" WHERE (user_id IN (SELECT followed_id FROM relationships
 WHERE follower_id = 2) OR user_id = 2) ORDER BY microposts.created_at DESC LIMIT 10 OFFSET 0[0m
Rendered shared/_error_messages.html.erb (0.7ms)
Rendered shared/_micropost_form.html.erb (7.4ms)
Rendered shared/_feed.html.erb (0.6ms)
  [1m[35mSQL (0.2ms)[0m  SELECT COUNT(*) AS count_id FROM (SELECT 1 FROM "microposts" WHERE ("microposts".user_id = 2)) AS subquery
Rendered shared/_user_info.html.erb (7.2ms)
  [1m[36mSQL (0.2ms)[0m  [1mSELECT COUNT(*) AS count_id FROM "users" INNER JOIN "relationships" ON "users".id = "relationships".followed_id WHERE (("relationships".follower_id = 2))[0m
  [1m[35mSQL (0.1ms)[0m  SELECT COUNT(*) AS count_id FROM "users" INNER JOIN "relationships" ON "users".id = "relationships".follower_id WHERE (("relationships".followed_id = 2))
Rendered shared/_stats.html.erb (25.1ms)
Rendered layouts/_stylesheets.html.erb (1.3ms)
Rendered layouts/_header.html.erb (2.5ms)
Rendered layouts/_footer.html.erb (0.3ms)
Rendered pages/home.html.erb within layouts/application (55.8ms)
Completed 200 OK in 161ms (Views: 58.7ms | ActiveRecord: 1.1ms)


Started GET "/" for 127.0.0.1 at 2012-06-12 16:46:26 +0100
  Processing by PagesController#home as HTML
  [1m[36mSQL (0.3ms)[0m  [1m SELECT name
 FROM sqlite_master
 WHERE type = 'table' AND NOT name = 'sqlite_sequence'
[0m
  [1m[35mUser Load (0.3ms)[0m  SELECT "users".* FROM "users" WHERE ("users"."id" = 2) LIMIT 1
  [1m[36mMicropost Load (0.2ms)[0m  [1mSELECT "microposts".* FROM "microposts" WHERE (user_id IN (SELECT followed_id FROM relationships
 WHERE follower_id = 2) OR user_id = 2) ORDER BY microposts.created_at DESC LIMIT 10 OFFSET 0[0m
Rendered shared/_error_messages.html.erb (0.6ms)
Rendered shared/_micropost_form.html.erb (6.8ms)
Rendered shared/_feed.html.erb (0.6ms)
  [1m[35mSQL (0.2ms)[0m  SELECT COUNT(*) AS count_id FROM (SELECT 1 FROM "microposts" WHERE ("microposts".user_id = 2)) AS subquery
Rendered shared/_user_info.html.erb (6.5ms)
  [1m[36mSQL (0.1ms)[0m  [1mSELECT COUNT(*) AS count_id FROM "users" INNER JOIN "relationships" ON "users".id = "relationships".followed_id WHERE (("relationships".follower_id = 2))[0m
  [1m[35mSQL (0.2ms)[0m  SELECT COUNT(*) AS count_id FROM "users" INNER JOIN "relationships" ON "users".id = "relationships".follower_id WHERE (("relationships".followed_id = 2))
Rendered shared/_stats.html.erb (59.8ms)
Rendered layouts/_stylesheets.html.erb (1.8ms)
Rendered layouts/_header.html.erb (2.9ms)
Rendered layouts/_footer.html.erb (0.4ms)
Rendered pages/home.html.erb within layouts/application (94.0ms)
Completed 200 OK in 346ms (Views: 134.2ms | ActiveRecord: 1.3ms)


Started POST "/signout" for 127.0.0.1 at 2012-06-12 16:46:31 +0100
  Processing by SessionsController#destroy as HTML
  Parameters: {"authenticity_token"=>"CJTVVW39yqcAXCuGXttQyGC7vh2XSX/QavIPPXLwvSE="}
Redirected to http://localhost:3000/
Completed 302 Found in 1ms


Started GET "/" for 127.0.0.1 at 2012-06-12 16:46:31 +0100
  Processing by PagesController#home as HTML
  [1m[36mUser Load (0.2ms)[0m  [1mSELECT "users".* FROM "users" WHERE ("users"."id" IS NULL) LIMIT 1[0m
  [1m[35mCACHE (0.0ms)[0m  SELECT "users".* FROM "users" WHERE ("users"."id" IS NULL) LIMIT 1
  [1m[36mCACHE (0.0ms)[0m  [1mSELECT "users".* FROM "users" WHERE ("users"."id" IS NULL) LIMIT 1[0m
Rendered layouts/_stylesheets.html.erb (3.5ms)
  [1m[35mCACHE (0.0ms)[0m  SELECT "users".* FROM "users" WHERE ("users"."id" IS NULL) LIMIT 1
Rendered layouts/_header.html.erb (2.2ms)
Rendered layouts/_footer.html.erb (0.4ms)
Rendered pages/home.html.erb within layouts/application (12.6ms)
Completed 200 OK in 63ms (Views: 17.3ms | ActiveRecord: 0.2ms)


Started GET "/signin" for 127.0.0.1 at 2012-06-12 16:46:33 +0100
  Processing by SessionsController#new as HTML
  [1m[36mUser Load (0.2ms)[0m  [1mSELECT "users".* FROM "users" WHERE ("users"."id" IS NULL) LIMIT 1[0m
Rendered layouts/_stylesheets.html.erb (42.4ms)
  [1m[35mCACHE (0.0ms)[0m  SELECT "users".* FROM "users" WHERE ("users"."id" IS NULL) LIMIT 1
Rendered layouts/_header.html.erb (2.7ms)
Rendered layouts/_footer.html.erb (0.3ms)
Rendered sessions/new.html.erb within layouts/application (127.3ms)
Completed 200 OK in 204ms (Views: 203.5ms | ActiveRecord: 0.2ms)


Started POST "/sessions" for 127.0.0.1 at 2012-06-12 16:46:38 +0100
  Processing by SessionsController#create as HTML
  Parameters: {"utf8"=>"✓", "authenticity_token"=>"CJTVVW39yqcAXCuGXttQyGC7vh2XSX/QavIPPXLwvSE=", "session"=>{"email"=>"sergiojgl@gmail.com", "password"=>"[FILTERED]"}, "commit"=>"Entrar"}
  [1m[36mUser Load (0.2ms)[0m  [1mSELECT "users".* FROM "users" WHERE ("users"."email" = 'sergiojgl@gmail.com') LIMIT 1[0m
Redirected to http://localhost:3000/users/1
Completed 302 Found in 114ms


Started GET "/users/1" for 127.0.0.1 at 2012-06-12 16:46:38 +0100
  Processing by UsersController#show as HTML
  Parameters: {"id"=>"1"}
  [1m[35mUser Load (0.0ms)[0m  SELECT "users".* FROM "users" WHERE ("users"."id" = 1) LIMIT 1
  [1m[36mMicropost Load (0.1ms)[0m  [1mSELECT "microposts".* FROM "microposts" WHERE ("microposts".user_id = 1) ORDER BY microposts.created_at DESC LIMIT 10 OFFSET 0[0m
  [1m[35mCACHE (0.0ms)[0m  SELECT "users".* FROM "users" WHERE ("users"."id" = 1) LIMIT 1
Rendered users/_follow_form.html.erb (0.3ms)
  [1m[36mSQL (0.5ms)[0m  [1mSELECT COUNT(*) AS count_id FROM (SELECT 1 FROM "microposts" WHERE ("microposts".user_id = 1)) AS subquery[0m
  [1m[35mCACHE (0.1ms)[0m  SELECT COUNT(*) AS count_id FROM (SELECT 1 FROM "microposts" WHERE ("microposts".user_id = 1)) AS subquery
Rendered shared/_user_info.html.erb (2.5ms)
  [1m[36mSQL (0.2ms)[0m  [1mSELECT COUNT(*) AS count_id FROM "users" INNER JOIN "relationships" ON "users".id = "relationships".followed_id WHERE (("relationships".follower_id = 1))[0m
  [1m[35mSQL (0.1ms)[0m  SELECT COUNT(*) AS count_id FROM "users" INNER JOIN "relationships" ON "users".id = "relationships".follower_id WHERE (("relationships".followed_id = 1))
Rendered shared/_stats.html.erb (25.4ms)
Rendered layouts/_stylesheets.html.erb (1.6ms)
Rendered layouts/_header.html.erb (3.4ms)
Rendered layouts/_footer.html.erb (0.3ms)
Rendered users/show.html.erb within layouts/application (86.7ms)
Completed 200 OK in 181ms (Views: 120.3ms | ActiveRecord: 1.0ms)


Started GET "/users/1" for 127.0.0.1 at 2012-06-12 16:47:26 +0100
  Processing by UsersController#show as HTML
  Parameters: {"id"=>"1"}
  [1m[36mUser Load (0.2ms)[0m  [1mSELECT "users".* FROM "users" WHERE ("users"."id" = 1) LIMIT 1[0m
  [1m[35mMicropost Load (0.3ms)[0m  SELECT "microposts".* FROM "microposts" WHERE ("microposts".user_id = 1) ORDER BY microposts.created_at DESC LIMIT 10 OFFSET 0
Rendered users/show.html.erb within layouts/application (26.2ms)
Completed   in 115ms

ActionView::Template::Error (undefined method `sergiojgl@gmail.com' for #<#<Class:0xad8d948>:0xad84bcc>):
    5:   <tr>
    6:     <td class="main">
    7:       <h1>
    8:         <%= gravatar_for @user %>
    9:         <%= @user.name %>
    10:         <%= render 'follow_form' if signed_in? %>
    11:       </h1>
  app/helpers/users_helper.rb:6:in `gravatar_for'
  app/views/users/show.html.erb:8:in `_app_views_users_show_html_erb__6231549_90972410__1019480135'

Rendered /home/sergio/.rvm/gems/ruby-1.9.2-p320@rails3/gems/actionpack-3.0.0/lib/action_dispatch/middleware/templates/rescues/_trace.erb (1.9ms)
Rendered /home/sergio/.rvm/gems/ruby-1.9.2-p320@rails3/gems/actionpack-3.0.0/lib/action_dispatch/middleware/templates/rescues/_request_and_response.erb (3.5ms)
Rendered /home/sergio/.rvm/gems/ruby-1.9.2-p320@rails3/gems/actionpack-3.0.0/lib/action_dispatch/middleware/templates/rescues/template_error.erb within rescues/layout (22.6ms)


Started GET "/users/1" for 127.0.0.1 at 2012-06-12 16:47:56 +0100
  Processing by UsersController#show as HTML
  Parameters: {"id"=>"1"}
  [1m[36mUser Load (0.2ms)[0m  [1mSELECT "users".* FROM "users" WHERE ("users"."id" = 1) LIMIT 1[0m
  [1m[35mMicropost Load (0.2ms)[0m  SELECT "microposts".* FROM "microposts" WHERE ("microposts".user_id = 1) ORDER BY microposts.created_at DESC LIMIT 10 OFFSET 0
  [1m[36mCACHE (0.0ms)[0m  [1mSELECT "users".* FROM "users" WHERE ("users"."id" = 1) LIMIT 1[0m
Rendered users/_follow_form.html.erb (0.6ms)
  [1m[35mSQL (0.2ms)[0m  SELECT COUNT(*) AS count_id FROM (SELECT 1 FROM "microposts" WHERE ("microposts".user_id = 1)) AS subquery
  [1m[36mCACHE (0.0ms)[0m  [1mSELECT COUNT(*) AS count_id FROM (SELECT 1 FROM "microposts" WHERE ("microposts".user_id = 1)) AS subquery[0m
Rendered shared/_user_info.html.erb (5.1ms)
  [1m[35mSQL (0.5ms)[0m  SELECT COUNT(*) AS count_id FROM "users" INNER JOIN "relationships" ON "users".id = "relationships".followed_id WHERE (("relationships".follower_id = 1))
  [1m[36mSQL (0.2ms)[0m  [1mSELECT COUNT(*) AS count_id FROM "users" INNER JOIN "relationships" ON "users".id = "relationships".follower_id WHERE (("relationships".followed_id = 1))[0m
Rendered shared/_stats.html.erb (25.8ms)
Rendered layouts/_stylesheets.html.erb (0.8ms)
Rendered layouts/_header.html.erb (2.4ms)
Rendered layouts/_footer.html.erb (0.3ms)
Rendered users/show.html.erb within layouts/application (47.6ms)
Completed 200 OK in 140ms (Views: 50.9ms | ActiveRecord: 1.3ms)


Started GET "/users/1" for 127.0.0.1 at 2012-06-12 16:48:13 +0100
  Processing by UsersController#show as HTML
  Parameters: {"id"=>"1"}
  [1m[35mUser Load (0.2ms)[0m  SELECT "users".* FROM "users" WHERE ("users"."id" = 1) LIMIT 1
  [1m[36mMicropost Load (0.2ms)[0m  [1mSELECT "microposts".* FROM "microposts" WHERE ("microposts".user_id = 1) ORDER BY microposts.created_at DESC LIMIT 10 OFFSET 0[0m
Rendered users/show.html.erb within layouts/application (0.9ms)
Completed   in 96ms

ActionView::Template::Error (undefined method `downcase' for 0:Fixnum):
    5:   <tr>
    6:     <td class="main">
    7:       <h1>
    8:         <%= gravatar_for @user %>
    9:         <%= @user.name %>
    10:         <%= render 'follow_form' if signed_in? %>
    11:       </h1>
  app/helpers/users_helper.rb:6:in `gravatar_for'
  app/views/users/show.html.erb:8:in `_app_views_users_show_html_erb__6231549_88881400__1019480135'

Rendered /home/sergio/.rvm/gems/ruby-1.9.2-p320@rails3/gems/actionpack-3.0.0/lib/action_dispatch/middleware/templates/rescues/_trace.erb (1.3ms)
Rendered /home/sergio/.rvm/gems/ruby-1.9.2-p320@rails3/gems/actionpack-3.0.0/lib/action_dispatch/middleware/templates/rescues/_request_and_response.erb (3.3ms)
Rendered /home/sergio/.rvm/gems/ruby-1.9.2-p320@rails3/gems/actionpack-3.0.0/lib/action_dispatch/middleware/templates/rescues/template_error.erb within rescues/layout (8.0ms)


Started GET "/users/1" for 127.0.0.1 at 2012-06-12 16:48:19 +0100
  Processing by UsersController#show as HTML
  Parameters: {"id"=>"1"}
  [1m[35mUser Load (0.2ms)[0m  SELECT "users".* FROM "users" WHERE ("users"."id" = 1) LIMIT 1
  [1m[36mMicropost Load (0.1ms)[0m  [1mSELECT "microposts".* FROM "microposts" WHERE ("microposts".user_id = 1) ORDER BY microposts.created_at DESC LIMIT 10 OFFSET 0[0m
  [1m[35mCACHE (0.0ms)[0m  SELECT "users".* FROM "users" WHERE ("users"."id" = 1) LIMIT 1
Rendered users/_follow_form.html.erb (0.5ms)
  [1m[36mSQL (0.2ms)[0m  [1mSELECT COUNT(*) AS count_id FROM (SELECT 1 FROM "microposts" WHERE ("microposts".user_id = 1)) AS subquery[0m
  [1m[35mCACHE (0.0ms)[0m  SELECT COUNT(*) AS count_id FROM (SELECT 1 FROM "microposts" WHERE ("microposts".user_id = 1)) AS subquery
Rendered shared/_user_info.html.erb (2.3ms)
  [1m[36mSQL (0.2ms)[0m  [1mSELECT COUNT(*) AS count_id FROM "users" INNER JOIN "relationships" ON "users".id = "relationships".followed_id WHERE (("relationships".follower_id = 1))[0m
  [1m[35mSQL (0.7ms)[0m  SELECT COUNT(*) AS count_id FROM "users" INNER JOIN "relationships" ON "users".id = "relationships".follower_id WHERE (("relationships".followed_id = 1))
Rendered shared/_stats.html.erb (60.2ms)
Rendered layouts/_stylesheets.html.erb (0.9ms)
Rendered layouts/_header.html.erb (2.8ms)
Rendered layouts/_footer.html.erb (0.4ms)
Rendered users/show.html.erb within layouts/application (82.5ms)
Completed 200 OK in 142ms (Views: 84.8ms | ActiveRecord: 1.4ms)


Started GET "/users/1" for 127.0.0.1 at 2012-06-12 16:48:37 +0100
  Processing by UsersController#show as HTML
  Parameters: {"id"=>"1"}
  [1m[36mUser Load (0.2ms)[0m  [1mSELECT "users".* FROM "users" WHERE ("users"."id" = 1) LIMIT 1[0m
  [1m[35mMicropost Load (0.2ms)[0m  SELECT "microposts".* FROM "microposts" WHERE ("microposts".user_id = 1) ORDER BY microposts.created_at DESC LIMIT 10 OFFSET 0
  [1m[36mCACHE (0.0ms)[0m  [1mSELECT "users".* FROM "users" WHERE ("users"."id" = 1) LIMIT 1[0m
Rendered users/_follow_form.html.erb (0.3ms)
  [1m[35mSQL (0.2ms)[0m  SELECT COUNT(*) AS count_id FROM (SELECT 1 FROM "microposts" WHERE ("microposts".user_id = 1)) AS subquery
  [1m[36mCACHE (0.0ms)[0m  [1mSELECT COUNT(*) AS count_id FROM (SELECT 1 FROM "microposts" WHERE ("microposts".user_id = 1)) AS subquery[0m
Rendered shared/_user_info.html.erb (2.2ms)
  [1m[35mSQL (0.3ms)[0m  SELECT COUNT(*) AS count_id FROM "users" INNER JOIN "relationships" ON "users".id = "relationships".followed_id WHERE (("relationships".follower_id = 1))
  [1m[36mSQL (0.1ms)[0m  [1mSELECT COUNT(*) AS count_id FROM "users" INNER JOIN "relationships" ON "users".id = "relationships".follower_id WHERE (("relationships".followed_id = 1))[0m
Rendered shared/_stats.html.erb (25.4ms)
Rendered layouts/_stylesheets.html.erb (1.0ms)
Rendered layouts/_header.html.erb (2.8ms)
Rendered layouts/_footer.html.erb (0.3ms)
Rendered users/show.html.erb within layouts/application (47.7ms)
Completed 200 OK in 142ms (Views: 50.8ms | ActiveRecord: 1.1ms)


Started GET "/users/1" for 127.0.0.1 at 2012-06-12 16:50:26 +0100
  Processing by UsersController#show as HTML
  Parameters: {"id"=>"1"}
  [1m[35mUser Load (0.3ms)[0m  SELECT "users".* FROM "users" WHERE ("users"."id" = 1) LIMIT 1
  [1m[36mMicropost Load (0.3ms)[0m  [1mSELECT "microposts".* FROM "microposts" WHERE ("microposts".user_id = 1) ORDER BY microposts.created_at DESC LIMIT 10 OFFSET 0[0m
  [1m[35mCACHE (0.0ms)[0m  SELECT "users".* FROM "users" WHERE ("users"."id" = 1) LIMIT 1
Rendered users/_follow_form.html.erb (0.6ms)
  [1m[36mSQL (0.2ms)[0m  [1mSELECT COUNT(*) AS count_id FROM (SELECT 1 FROM "microposts" WHERE ("microposts".user_id = 1)) AS subquery[0m
  [1m[35mCACHE (0.0ms)[0m  SELECT COUNT(*) AS count_id FROM (SELECT 1 FROM "microposts" WHERE ("microposts".user_id = 1)) AS subquery
Rendered shared/_user_info.html.erb (2.5ms)
  [1m[36mSQL (0.3ms)[0m  [1mSELECT COUNT(*) AS count_id FROM "users" INNER JOIN "relationships" ON "users".id = "relationships".followed_id WHERE (("relationships".follower_id = 1))[0m
  [1m[35mSQL (0.1ms)[0m  SELECT COUNT(*) AS count_id FROM "users" INNER JOIN "relationships" ON "users".id = "relationships".follower_id WHERE (("relationships".followed_id = 1))
Rendered shared/_stats.html.erb (60.8ms)
Rendered layouts/_stylesheets.html.erb (1.0ms)
Rendered layouts/_header.html.erb (2.7ms)
Rendered layouts/_footer.html.erb (0.3ms)
Rendered users/show.html.erb within layouts/application (82.3ms)
Completed 200 OK in 146ms (Views: 85.3ms | ActiveRecord: 1.2ms)


Started GET "/users/1" for 127.0.0.1 at 2012-06-12 16:50:52 +0100
  Processing by UsersController#show as HTML
  Parameters: {"id"=>"1"}
  [1m[36mUser Load (0.4ms)[0m  [1mSELECT "users".* FROM "users" WHERE ("users"."id" = 1) LIMIT 1[0m
  [1m[35mMicropost Load (0.2ms)[0m  SELECT "microposts".* FROM "microposts" WHERE ("microposts".user_id = 1) ORDER BY microposts.created_at DESC LIMIT 10 OFFSET 0
  [1m[36mCACHE (0.0ms)[0m  [1mSELECT "users".* FROM "users" WHERE ("users"."id" = 1) LIMIT 1[0m
Rendered users/_follow_form.html.erb (0.6ms)
  [1m[35mSQL (0.2ms)[0m  SELECT COUNT(*) AS count_id FROM (SELECT 1 FROM "microposts" WHERE ("microposts".user_id = 1)) AS subquery
  [1m[36mCACHE (0.0ms)[0m  [1mSELECT COUNT(*) AS count_id FROM (SELECT 1 FROM "microposts" WHERE ("microposts".user_id = 1)) AS subquery[0m
Rendered shared/_user_info.html.erb (2.5ms)
  [1m[35mSQL (0.3ms)[0m  SELECT COUNT(*) AS count_id FROM "users" INNER JOIN "relationships" ON "users".id = "relationships".followed_id WHERE (("relationships".follower_id = 1))
  [1m[36mSQL (0.1ms)[0m  [1mSELECT COUNT(*) AS count_id FROM "users" INNER JOIN "relationships" ON "users".id = "relationships".follower_id WHERE (("relationships".followed_id = 1))[0m
Rendered shared/_stats.html.erb (25.7ms)
Rendered layouts/_stylesheets.html.erb (1.4ms)
Rendered layouts/_header.html.erb (2.9ms)
Rendered layouts/_footer.html.erb (0.4ms)
Rendered users/show.html.erb within layouts/application (47.8ms)
Completed 200 OK in 152ms (Views: 51.3ms | ActiveRecord: 1.2ms)
